#
# There is insufficient memory for the Java Runtime Environment to continue.
# Native memory allocation (malloc) failed to allocate 65552 bytes for Chunk::new
# Possible reasons:
#   The system is out of physical RAM or swap space
#   The process is running with CompressedOops enabled, and the Java Heap may be blocking the growth of the native heap
# Possible solutions:
#   Reduce memory load on the system
#   Increase physical memory or swap space
#   Check if swap backing store is full
#   Decrease Java heap size (-Xmx/-Xms)
#   Decrease number of Java threads
#   Decrease Java thread stack sizes (-Xss)
#   Set larger code cache with -XX:ReservedCodeCacheSize=
#   JVM is running with Unscaled Compressed Oops mode in which the Java heap is
#     placed in the first 4GB address space. The Java Heap base address is the
#     maximum limit for the native heap growth. Please use -XX:HeapBaseMinAddress
#     to set the Java Heap base and to place the Java Heap above 4GB virtual address.
# This output file may be truncated or incomplete.
#
#  Out of Memory Error (allocation.cpp:389), pid=1268, tid=0x0000000000001f90
#
# JRE version: OpenJDK Runtime Environment (8.0_202-b03) (build 1.8.0_202-release-1483-b03)
# Java VM: OpenJDK 64-Bit Server VM (25.202-b03 mixed mode windows-amd64 compressed oops)
# Failed to write core dump. Minidumps are not enabled by default on client versions of Windows
#

---------------  T H R E A D  ---------------

Current thread (0x00000000160e8000):  JavaThread "C2 CompilerThread0" daemon [_thread_in_native, id=8080, stack(0x0000000017740000,0x0000000017840000)]

Stack: [0x0000000017740000,0x0000000017840000]
[error occurred during error reporting (printing stack bounds), id 0xc0000005]

Native frames: (J=compiled Java code, j=interpreted, Vv=VM code, C=native code)


Current CompileTask:
C2:  12584 4034   !   4       com.sun.beans.TypeResolver::resolve (274 bytes)


---------------  P R O C E S S  ---------------

Java Threads: ( => current thread )
  0x000000001b35a800 JavaThread "Cache worker for Build Output Cleanup Cache (E:\SEMESTER 5\P mobile\BACKUP\SEKIAN LAMA\TP_PMOBILE\4. Project\HumbleParking\.gradle\buildOutputCleanup)" [_thread_blocked, id=6304, stack(0x00000000201b0000,0x00000000202b0000)]
  0x000000001b353000 JavaThread "Build operations Thread 4" [_thread_blocked, id=2988, stack(0x00000000217b0000,0x00000000218b0000)]
  0x000000001b359800 JavaThread "Build operations Thread 3" [_thread_blocked, id=7956, stack(0x00000000216b0000,0x00000000217b0000)]
  0x000000001b352000 JavaThread "Build operations Thread 2" [_thread_blocked, id=7236, stack(0x00000000215b0000,0x00000000216b0000)]
  0x000000001b358000 JavaThread "Build operations" [_thread_blocked, id=9388, stack(0x00000000202c0000,0x00000000203c0000)]
  0x000000001b359000 JavaThread "Cache worker for execution history cache (C:\Users\INTEL\.gradle\caches\5.4.1\executionHistory)" [_thread_blocked, id=4644, stack(0x000000001feb0000,0x000000001ffb0000)]
  0x000000001b356800 JavaThread "Cache worker for cache directory md-rule (C:\Users\INTEL\.gradle\caches\5.4.1\md-rule)" [_thread_blocked, id=7516, stack(0x000000001fdb0000,0x000000001feb0000)]
  0x000000001b355000 JavaThread "Cache worker for cache directory md-supplier (C:\Users\INTEL\.gradle\caches\5.4.1\md-supplier)" [_thread_blocked, id=8056, stack(0x000000001ea00000,0x000000001eb00000)]
  0x00000000192df000 JavaThread "Cache worker for file hash cache (E:\SEMESTER 5\P mobile\BACKUP\SEKIAN LAMA\TP_PMOBILE\4. Project\HumbleParking\.gradle\5.4.1\fileHashes)" [_thread_blocked, id=6624, stack(0x000000001d130000,0x000000001d230000)]
  0x00000000192dd800 JavaThread "Cache worker for journal cache (C:\Users\INTEL\.gradle\caches\journal-1)" [_thread_blocked, id=4888, stack(0x000000001ae90000,0x000000001af90000)]
  0x00000000192dc800 JavaThread "File lock request listener" [_thread_in_native, id=9184, stack(0x000000001ab90000,0x000000001ac90000)]
  0x00000000192dc000 JavaThread "Cache worker for file hash cache (C:\Users\INTEL\.gradle\caches\5.4.1\fileHashes)" [_thread_blocked, id=10032, stack(0x000000001aa90000,0x000000001ab90000)]
  0x00000000190f2800 JavaThread "Thread-9" [_thread_blocked, id=3940, stack(0x000000001a990000,0x000000001aa90000)]
  0x000000001910b800 JavaThread "Stdin handler" [_thread_blocked, id=3520, stack(0x000000001a890000,0x000000001a990000)]
  0x00000000194d0800 JavaThread "Asynchronous log dispatcher for DefaultDaemonConnection: socket connection from /127.0.0.1:50166 to /127.0.0.1:50167" [_thread_blocked, id=2332, stack(0x000000001a790000,0x000000001a890000)]
  0x000000001908b000 JavaThread "Daemon worker" [_thread_in_vm, id=3748, stack(0x000000001a690000,0x000000001a790000)]
  0x000000001908a800 JavaThread "Cancel handler" [_thread_blocked, id=8708, stack(0x000000001a590000,0x000000001a690000)]
  0x0000000019173000 JavaThread "Handler for socket connection from /127.0.0.1:50166 to /127.0.0.1:50167" [_thread_in_native, id=8604, stack(0x000000001a290000,0x000000001a390000)]
  0x000000001916f800 JavaThread "Daemon" [_thread_blocked, id=1572, stack(0x000000001a190000,0x000000001a290000)]
  0x00000000193eb000 JavaThread "Daemon periodic checks" [_thread_blocked, id=8976, stack(0x000000001a090000,0x000000001a190000)]
  0x00000000193e9000 JavaThread "Incoming local TCP Connector on port 50166" [_thread_in_native, id=7348, stack(0x0000000019e50000,0x0000000019f50000)]
  0x0000000018fb2800 JavaThread "Daemon health stats" [_thread_blocked, id=12272, stack(0x0000000019810000,0x0000000019910000)]
  0x0000000017a68800 JavaThread "Service Thread" daemon [_thread_blocked, id=11988, stack(0x0000000017e40000,0x0000000017f40000)]
  0x00000000160f2800 JavaThread "C1 CompilerThread2" daemon [_thread_blocked, id=9484, stack(0x0000000017940000,0x0000000017a40000)]
  0x00000000160ed000 JavaThread "C2 CompilerThread1" daemon [_thread_in_native, id=11976, stack(0x0000000017840000,0x0000000017940000)]
=>0x00000000160e8000 JavaThread "C2 CompilerThread0" daemon [_thread_in_native, id=8080, stack(0x0000000017740000,0x0000000017840000)]
  0x00000000160f6000 JavaThread "Attach Listener" daemon [_thread_blocked, id=4184, stack(0x0000000017640000,0x0000000017740000)]
  0x00000000160f4800 JavaThread "Signal Dispatcher" daemon [_thread_blocked, id=7988, stack(0x0000000017540000,0x0000000017640000)]
  0x000000000277b000 JavaThread "Finalizer" daemon [_thread_blocked, id=624, stack(0x0000000017340000,0x0000000017440000)]
  0x00000000160d9000 JavaThread "Reference Handler" daemon [_thread_blocked, id=9628, stack(0x0000000017240000,0x0000000017340000)]
  0x00000000008ed800 JavaThread "main" [_thread_blocked, id=1068, stack(0x00000000024c0000,0x00000000025c0000)]

Other Threads:
  0x00000000160b6800 VMThread [stack: 0x0000000017140000,0x0000000017240000] [id=9384]
  0x000000001614d800 WatcherThread [stack: 0x0000000017f40000,0x0000000018040000] [id=3980]

VM state:not at safepoint (normal execution)

VM Mutex/Monitor currently owned by a thread: None

heap address: 0x00000000a0000000, size: 1536 MB, Compressed Oops mode: 32-bit
Narrow klass base: 0x0000000000000000, Narrow klass shift: 3
Compressed class space size: 1073741824 Address: 0x0000000100000000

Heap:
 PSYoungGen      total 134656K, used 11216K [0x00000000e0000000, 0x00000000eb480000, 0x0000000100000000)
  eden space 125952K, 2% used [0x00000000e0000000,0x00000000e027aac0,0x00000000e7b00000)
  from space 8704K, 99% used [0x00000000e7b00000,0x00000000e83798f0,0x00000000e8380000)
  to   space 12288K, 0% used [0x00000000ea880000,0x00000000ea880000,0x00000000eb480000)
 ParOldGen       total 32768K, used 24650K [0x00000000a0000000, 0x00000000a2000000, 0x00000000e0000000)
  object space 32768K, 75% used [0x00000000a0000000,0x00000000a1812a68,0x00000000a2000000)
 Metaspace       used 47287K, capacity 48568K, committed 48808K, reserved 1091584K
  class space    used 6355K, capacity 6735K, committed 6824K, reserved 1048576K

Card table byte_map: [0x0000000011b40000,0x0000000011e50000] byte_map_base: 0x0000000011640000

Marking Bits: (ParMarkBitMap*) 0x0000000058379f30
 Begin Bits: [0x0000000012450000, 0x0000000013c50000)
 End Bits:   [0x0000000013c50000, 0x0000000015450000)

Polling page: 0x00000000008b0000

CodeCache: size=245760Kb used=13499Kb max_used=13931Kb free=232260Kb
 bounds [0x0000000002780000, 0x0000000003530000, 0x0000000011780000]
 total_blobs=4695 nmethods=3933 adapters=675
 compilation: enabled

Compilation events (10 events):
Event: 12.569 Thread 0x00000000160f2800 4203       1       com.google.common.collect.SingletonImmutableList::size (2 bytes)
Event: 12.569 Thread 0x00000000160f2800 nmethod 4203 0x0000000002bc3110 code [0x0000000002bc3260, 0x0000000002bc3370]
Event: 12.571 Thread 0x00000000160f2800 4205       3       java.lang.invoke.MethodHandles$Lookup::getDirectMethodCommon (271 bytes)
Event: 12.572 Thread 0x00000000160ed000 nmethod 4196 0x000000000297ab10 code [0x000000000297acc0, 0x000000000297b608]
Event: 12.572 Thread 0x00000000160ed000 4197       4       java.util.zip.ZipFile$ZipFileInputStream::finalize (5 bytes)
Event: 12.573 Thread 0x00000000160ed000 nmethod 4197 0x0000000002cb7790 code [0x0000000002cb78e0, 0x0000000002cb7968]
Event: 12.574 Thread 0x00000000160ed000 4200       4       kotlin.jvm.internal.Intrinsics::checkExpressionValueIsNotNull (38 bytes)
Event: 12.574 Thread 0x00000000160ed000 nmethod 4200 0x0000000002d08310 code [0x0000000002d08440, 0x0000000002d08498]
Event: 12.575 Thread 0x00000000160f2800 nmethod 4205 0x0000000002ac7990 code [0x0000000002ac7ca0, 0x0000000002ac9718]
Event: 12.575 Thread 0x00000000160f2800 4208       3       jdk.internal.org.objectweb.asm.MethodWriter::getSize (838 bytes)

GC Heap History (10 events):
Event: 7.115 GC heap before
{Heap before GC invocations=11 (full 1):
 PSYoungGen      total 72192K, used 65024K [0x00000000e0000000, 0x00000000e7400000, 0x0000000100000000)
  eden space 65024K, 100% used [0x00000000e0000000,0x00000000e3f80000,0x00000000e3f80000)
  from space 7168K, 0% used [0x00000000e3f80000,0x00000000e3f80000,0x00000000e4680000)
  to   space 7168K, 0% used [0x00000000e6d00000,0x00000000e6d00000,0x00000000e7400000)
 ParOldGen       total 32768K, used 8453K [0x00000000a0000000, 0x00000000a2000000, 0x00000000e0000000)
  object space 32768K, 25% used [0x00000000a0000000,0x00000000a0841538,0x00000000a2000000)
 Metaspace       used 28922K, capacity 29486K, committed 29696K, reserved 1075200K
  class space    used 3896K, capacity 4096K, committed 4096K, reserved 1048576K
Event: 7.129 GC heap after
Heap after GC invocations=11 (full 1):
 PSYoungGen      total 97792K, used 7158K [0x00000000e0000000, 0x00000000e7400000, 0x0000000100000000)
  eden space 90624K, 0% used [0x00000000e0000000,0x00000000e0000000,0x00000000e5880000)
  from space 7168K, 99% used [0x00000000e6d00000,0x00000000e73fdaa8,0x00000000e7400000)
  to   space 8192K, 0% used [0x00000000e6400000,0x00000000e6400000,0x00000000e6c00000)
 ParOldGen       total 32768K, used 9187K [0x00000000a0000000, 0x00000000a2000000, 0x00000000e0000000)
  object space 32768K, 28% used [0x00000000a0000000,0x00000000a08f8d48,0x00000000a2000000)
 Metaspace       used 28922K, capacity 29486K, committed 29696K, reserved 1075200K
  class space    used 3896K, capacity 4096K, committed 4096K, reserved 1048576K
}
Event: 8.629 GC heap before
{Heap before GC invocations=12 (full 1):
 PSYoungGen      total 97792K, used 97782K [0x00000000e0000000, 0x00000000e7400000, 0x0000000100000000)
  eden space 90624K, 100% used [0x00000000e0000000,0x00000000e5880000,0x00000000e5880000)
  from space 7168K, 99% used [0x00000000e6d00000,0x00000000e73fdaa8,0x00000000e7400000)
  to   space 8192K, 0% used [0x00000000e6400000,0x00000000e6400000,0x00000000e6c00000)
 ParOldGen       total 32768K, used 9187K [0x00000000a0000000, 0x00000000a2000000, 0x00000000e0000000)
  object space 32768K, 28% used [0x00000000a0000000,0x00000000a08f8d48,0x00000000a2000000)
 Metaspace       used 33417K, capacity 34086K, committed 34304K, reserved 1079296K
  class space    used 4601K, capacity 4856K, committed 4864K, reserved 1048576K
Event: 8.659 GC heap after
Heap after GC invocations=12 (full 1):
 PSYoungGen      total 110592K, used 7377K [0x00000000e0000000, 0x00000000e8c00000, 0x0000000100000000)
  eden space 102400K, 0% used [0x00000000e0000000,0x00000000e0000000,0x00000000e6400000)
  from space 8192K, 90% used [0x00000000e6400000,0x00000000e6b34548,0x00000000e6c00000)
  to   space 8704K, 0% used [0x00000000e8380000,0x00000000e8380000,0x00000000e8c00000)
 ParOldGen       total 32768K, used 12379K [0x00000000a0000000, 0x00000000a2000000, 0x00000000e0000000)
  object space 32768K, 37% used [0x00000000a0000000,0x00000000a0c16d58,0x00000000a2000000)
 Metaspace       used 33417K, capacity 34086K, committed 34304K, reserved 1079296K
  class space    used 4601K, capacity 4856K, committed 4864K, reserved 1048576K
}
Event: 9.450 GC heap before
{Heap before GC invocations=13 (full 1):
 PSYoungGen      total 110592K, used 41248K [0x00000000e0000000, 0x00000000e8c00000, 0x0000000100000000)
  eden space 102400K, 33% used [0x00000000e0000000,0x00000000e2113d98,0x00000000e6400000)
  from space 8192K, 90% used [0x00000000e6400000,0x00000000e6b34548,0x00000000e6c00000)
  to   space 8704K, 0% used [0x00000000e8380000,0x00000000e8380000,0x00000000e8c00000)
 ParOldGen       total 32768K, used 12379K [0x00000000a0000000, 0x00000000a2000000, 0x00000000e0000000)
  object space 32768K, 37% used [0x00000000a0000000,0x00000000a0c16d58,0x00000000a2000000)
 Metaspace       used 34680K, capacity 35460K, committed 35496K, reserved 1079296K
  class space    used 4783K, capacity 5027K, committed 5032K, reserved 1048576K
Event: 9.481 GC heap after
Heap after GC invocations=13 (full 1):
 PSYoungGen      total 134656K, used 4268K [0x00000000e0000000, 0x00000000e9e80000, 0x0000000100000000)
  eden space 125952K, 0% used [0x00000000e0000000,0x00000000e0000000,0x00000000e7b00000)
  from space 8704K, 49% used [0x00000000e8380000,0x00000000e87ab2a8,0x00000000e8c00000)
  to   space 8704K, 0% used [0x00000000e7b00000,0x00000000e7b00000,0x00000000e8380000)
 ParOldGen       total 32768K, used 15035K [0x00000000a0000000, 0x00000000a2000000, 0x00000000e0000000)
  object space 32768K, 45% used [0x00000000a0000000,0x00000000a0eaed90,0x00000000a2000000)
 Metaspace       used 34680K, capacity 35460K, committed 35496K, reserved 1079296K
  class space    used 4783K, capacity 5027K, committed 5032K, reserved 1048576K
}
Event: 9.481 GC heap before
{Heap before GC invocations=14 (full 2):
 PSYoungGen      total 134656K, used 4268K [0x00000000e0000000, 0x00000000e9e80000, 0x0000000100000000)
  eden space 125952K, 0% used [0x00000000e0000000,0x00000000e0000000,0x00000000e7b00000)
  from space 8704K, 49% used [0x00000000e8380000,0x00000000e87ab2a8,0x00000000e8c00000)
  to   space 8704K, 0% used [0x00000000e7b00000,0x00000000e7b00000,0x00000000e8380000)
 ParOldGen       total 32768K, used 15035K [0x00000000a0000000, 0x00000000a2000000, 0x00000000e0000000)
  object space 32768K, 45% used [0x00000000a0000000,0x00000000a0eaed90,0x00000000a2000000)
 Metaspace       used 34680K, capacity 35460K, committed 35496K, reserved 1079296K
  class space    used 4783K, capacity 5027K, committed 5032K, reserved 1048576K
Event: 9.642 GC heap after
Heap after GC invocations=14 (full 2):
 PSYoungGen      total 134656K, used 0K [0x00000000e0000000, 0x00000000e9e80000, 0x0000000100000000)
  eden space 125952K, 0% used [0x00000000e0000000,0x00000000e0000000,0x00000000e7b00000)
  from space 8704K, 0% used [0x00000000e8380000,0x00000000e8380000,0x00000000e8c00000)
  to   space 8704K, 0% used [0x00000000e7b00000,0x00000000e7b00000,0x00000000e8380000)
 ParOldGen       total 32768K, used 17097K [0x00000000a0000000, 0x00000000a2000000, 0x00000000e0000000)
  object space 32768K, 52% used [0x00000000a0000000,0x00000000a10b25e0,0x00000000a2000000)
 Metaspace       used 34671K, capacity 35430K, committed 35496K, reserved 1079296K
  class space    used 4780K, capacity 5022K, committed 5032K, reserved 1048576K
}
Event: 12.522 GC heap before
{Heap before GC invocations=15 (full 2):
 PSYoungGen      total 134656K, used 125952K [0x00000000e0000000, 0x00000000e9e80000, 0x0000000100000000)
  eden space 125952K, 100% used [0x00000000e0000000,0x00000000e7b00000,0x00000000e7b00000)
  from space 8704K, 0% used [0x00000000e8380000,0x00000000e8380000,0x00000000e8c00000)
  to   space 8704K, 0% used [0x00000000e7b00000,0x00000000e7b00000,0x00000000e8380000)
 ParOldGen       total 32768K, used 17097K [0x00000000a0000000, 0x00000000a2000000, 0x00000000e0000000)
  object space 32768K, 52% used [0x00000000a0000000,0x00000000a10b25e0,0x00000000a2000000)
 Metaspace       used 47201K, capacity 48492K, committed 48808K, reserved 1091584K
  class space    used 6344K, capacity 6733K, committed 6824K, reserved 1048576K
Event: 12.556 GC heap after
Heap after GC invocations=15 (full 2):
 PSYoungGen      total 134656K, used 8678K [0x00000000e0000000, 0x00000000eb480000, 0x0000000100000000)
  eden space 125952K, 0% used [0x00000000e0000000,0x00000000e0000000,0x00000000e7b00000)
  from space 8704K, 99% used [0x00000000e7b00000,0x00000000e83798f0,0x00000000e8380000)
  to   space 12288K, 0% used [0x00000000ea880000,0x00000000ea880000,0x00000000eb480000)
 ParOldGen       total 32768K, used 24650K [0x00000000a0000000, 0x00000000a2000000, 0x00000000e0000000)
  object space 32768K, 75% used [0x00000000a0000000,0x00000000a1812a68,0x00000000a2000000)
 Metaspace       used 47201K, capacity 48492K, committed 48808K, reserved 1091584K
  class space    used 6344K, capacity 6733K, committed 6824K, reserved 1048576K
}

Deoptimization events (10 events):
Event: 11.243 Thread 0x000000001908b000 Uncommon trap: reason=unstable_if action=reinterpret pc=0x0000000002c69b30 method=java.util.jar.JarFile.maybeInstantiateVerifier()V @ 4
Event: 11.243 Thread 0x000000001908b000 Uncommon trap: reason=unstable_if action=reinterpret pc=0x00000000032c1eb0 method=java.security.CodeSource.<init>(Ljava/net/URL;[Ljava/security/CodeSigner;)V @ 25
Event: 11.244 Thread 0x000000001908b000 Uncommon trap: reason=unstable_if action=reinterpret pc=0x0000000002d478ec method=java.security.CodeSource.getCertificates()[Ljava/security/cert/Certificate; @ 22
Event: 11.245 Thread 0x000000001908b000 Uncommon trap: reason=unstable_if action=reinterpret pc=0x0000000003013710 method=java.util.jar.JarFile.maybeInstantiateVerifier()V @ 4
Event: 11.245 Thread 0x000000001908b000 Uncommon trap: reason=unstable_if action=reinterpret pc=0x00000000032a1a84 method=java.security.CodeSource.matchCerts(Ljava/security/CodeSource;Z)Z @ 11
Event: 11.279 Thread 0x000000001908b000 Uncommon trap: reason=unstable_if action=reinterpret pc=0x0000000002a3e37c method=java.util.LinkedHashMap.get(Ljava/lang/Object;)Ljava/lang/Object; @ 20
Event: 11.349 Thread 0x000000001908b000 Uncommon trap: reason=unstable_if action=reinterpret pc=0x00000000032a213c method=java.security.CodeSource.matchCerts(Ljava/security/CodeSource;Z)Z @ 11
Event: 11.389 Thread 0x000000001908b000 Uncommon trap: reason=unstable_if action=reinterpret pc=0x00000000030e7528 method=org.objectweb.asm.ByteVector.putUTF8(Ljava/lang/String;)Lorg/objectweb/asm/ByteVector; @ 93
Event: 12.010 Thread 0x000000001908b000 Uncommon trap: reason=unstable_if action=reinterpret pc=0x00000000030de8bc method=org.gradle.internal.reflect.PropertyAccessorType.of(Ljava/lang/reflect/Method;)Lorg/gradle/internal/reflect/PropertyAccessorType; @ 56
Event: 12.360 Thread 0x000000001908b000 Uncommon trap: reason=unstable_if action=reinterpret pc=0x0000000003329118 method=org.gradle.internal.instantiation.AbstractClassGenerator$InjectionAnnotationValidator.validateMethod(Ljava/lang/reflect/Method;Lorg/gradle/internal/reflect/PropertyAccessorT

Classes redefined (0 events):
No events

Internal exceptions (10 events):
Event: 12.209 Thread 0x000000001908b000 Exception <a 'java/lang/ClassNotFoundException': build_cto8mdc7ztnwcfbgz5162oktl$_run_closure1BeanInfo> (0x00000000e6fa65e8) thrown at [D:\src\AOSP-openjdk-cygwin\jdk8u\hotspot\src\share\vm\classfile\systemDictionary.cpp, line 210]
Event: 12.209 Thread 0x000000001908b000 Exception <a 'java/lang/ClassNotFoundException': build_cto8mdc7ztnwcfbgz5162oktl$_run_closure1Customizer> (0x00000000e6fb7658) thrown at [D:\src\AOSP-openjdk-cygwin\jdk8u\hotspot\src\share\vm\classfile\systemDictionary.cpp, line 210]
Event: 12.228 Thread 0x000000001908b000 Exception <a 'java/lang/ClassNotFoundException': org/gradle/api/internal/file/collections/DefaultConfigurableFileTreeBeanInfo> (0x00000000e7159fd0) thrown at [D:\src\AOSP-openjdk-cygwin\jdk8u\hotspot\src\share\vm\classfile\systemDictionary.cpp, line 210]
Event: 12.230 Thread 0x000000001908b000 Exception <a 'java/lang/ClassNotFoundException': org/gradle/api/internal/file/CompositeFileTreeBeanInfo> (0x00000000e718da70) thrown at [D:\src\AOSP-openjdk-cygwin\jdk8u\hotspot\src\share\vm\classfile\systemDictionary.cpp, line 210]
Event: 12.231 Thread 0x000000001908b000 Exception <a 'java/lang/ClassNotFoundException': org/gradle/api/internal/file/CompositeFileCollectionBeanInfo> (0x00000000e71c5360) thrown at [D:\src\AOSP-openjdk-cygwin\jdk8u\hotspot\src\share\vm\classfile\systemDictionary.cpp, line 210]
Event: 12.237 Thread 0x000000001908b000 Exception <a 'java/lang/ClassNotFoundException': org/gradle/api/internal/file/AbstractFileCollectionBeanInfo> (0x00000000e71fcda8) thrown at [D:\src\AOSP-openjdk-cygwin\jdk8u\hotspot\src\share\vm\classfile\systemDictionary.cpp, line 210]
Event: 12.238 Thread 0x000000001908b000 Exception <a 'java/lang/ClassNotFoundException': org/gradle/api/internal/file/AbstractFileCollectionCustomizer> (0x00000000e72352b8) thrown at [D:\src\AOSP-openjdk-cygwin\jdk8u\hotspot\src\share\vm\classfile\systemDictionary.cpp, line 210]
Event: 12.241 Thread 0x000000001908b000 Exception <a 'java/lang/ClassNotFoundException': org/gradle/api/internal/file/CompositeFileCollectionCustomizer> (0x00000000e727ada0) thrown at [D:\src\AOSP-openjdk-cygwin\jdk8u\hotspot\src\share\vm\classfile\systemDictionary.cpp, line 210]
Event: 12.243 Thread 0x000000001908b000 Exception <a 'java/lang/ClassNotFoundException': org/gradle/api/internal/file/CompositeFileTreeCustomizer> (0x00000000e72bf290) thrown at [D:\src\AOSP-openjdk-cygwin\jdk8u\hotspot\src\share\vm\classfile\systemDictionary.cpp, line 210]
Event: 12.244 Thread 0x000000001908b000 Exception <a 'java/lang/ClassNotFoundException': org/gradle/api/internal/file/collections/DefaultConfigurableFileTreeCustomizer> (0x00000000e730cf60) thrown at [D:\src\AOSP-openjdk-cygwin\jdk8u\hotspot\src\share\vm\classfile\systemDictionary.cpp, line 210

Events (10 events):
Event: 12.576 loading class com/android/build/gradle/internal/scope/OutputFactory$Universal
Event: 12.576 loading class com/android/build/gradle/internal/scope/OutputFactory$Universal done
Event: 12.576 loading class com/android/build/gradle/internal/scope/OutputFactory$FullSplit
Event: 12.576 loading class com/android/build/gradle/internal/scope/OutputFactory$FullSplit done
Event: 12.577 loading class com/android/build/gradle/internal/scope/OutputFactory$Main
Event: 12.577 loading class com/android/build/gradle/internal/scope/OutputFactory$Main done
Event: 12.578 loading class com/android/build/gradle/internal/scope/OutputFactory$ConfigurationSplitApkData
Event: 12.578 loading class com/android/build/gradle/internal/scope/OutputFactory$ConfigurationSplitApkData done
Event: 12.579 loading class groovy/runtime/metaclass/org/gradle/api/plugins/internal/DefaultBasePluginConventionMetaClass
Event: 12.579 loading class groovy/runtime/metaclass/org/gradle/api/plugins/internal/DefaultBasePluginConventionMetaClass done


Dynamic libraries:
0x00007ff6b78f0000 - 0x00007ff6b7921000 	C:\Program Files\Android\Android Studio\jre\bin\java.exe
0x00007ffa623a0000 - 0x00007ffa62590000 	C:\WINDOWS\SYSTEM32\ntdll.dll
0x00007ffa62170000 - 0x00007ffa62222000 	C:\WINDOWS\System32\KERNEL32.DLL
0x00007ffa5fe60000 - 0x00007ffa60103000 	C:\WINDOWS\System32\KERNELBASE.dll
0x00007ffa60eb0000 - 0x00007ffa60f53000 	C:\WINDOWS\System32\ADVAPI32.dll
0x00007ffa613b0000 - 0x00007ffa6144e000 	C:\WINDOWS\System32\msvcrt.dll
0x00007ffa61940000 - 0x00007ffa619d7000 	C:\WINDOWS\System32\sechost.dll
0x00007ffa608d0000 - 0x00007ffa609f0000 	C:\WINDOWS\System32\RPCRT4.dll
0x00007ffa616f0000 - 0x00007ffa61884000 	C:\WINDOWS\System32\USER32.dll
0x00007ffa5f680000 - 0x00007ffa5f6a1000 	C:\WINDOWS\System32\win32u.dll
0x00007ffa60db0000 - 0x00007ffa60dd6000 	C:\WINDOWS\System32\GDI32.dll
0x00007ffa60210000 - 0x00007ffa603a4000 	C:\WINDOWS\System32\gdi32full.dll
0x00007ffa60170000 - 0x00007ffa6020e000 	C:\WINDOWS\System32\msvcp_win.dll
0x00007ffa5f4d0000 - 0x00007ffa5f5ca000 	C:\WINDOWS\System32\ucrtbase.dll
0x00007ffa55790000 - 0x00007ffa55a15000 	C:\WINDOWS\WinSxS\amd64_microsoft.windows.common-controls_6595b64144ccf1df_6.0.18362.535_none_e6c3b34713100821\COMCTL32.dll
0x00007ffa609f0000 - 0x00007ffa60d26000 	C:\WINDOWS\System32\combase.dll
0x00007ffa603d0000 - 0x00007ffa60450000 	C:\WINDOWS\System32\bcryptPrimitives.dll
0x00007ffa62140000 - 0x00007ffa6216e000 	C:\WINDOWS\System32\IMM32.DLL
0x00000000579f0000 - 0x0000000057ac2000 	C:\Program Files\Android\Android Studio\jre\jre\bin\msvcr100.dll
0x0000000057bb0000 - 0x00000000583f6000 	C:\Program Files\Android\Android Studio\jre\jre\bin\server\jvm.dll
0x00007ffa60450000 - 0x00007ffa60458000 	C:\WINDOWS\System32\PSAPI.DLL
0x00007ffa579f0000 - 0x00007ffa579fa000 	C:\WINDOWS\SYSTEM32\VERSION.dll
0x00007ffa5cd90000 - 0x00007ffa5cdb4000 	C:\WINDOWS\SYSTEM32\WINMM.dll
0x00007ffa54080000 - 0x00007ffa54089000 	C:\WINDOWS\SYSTEM32\WSOCK32.dll
0x00007ffa61600000 - 0x00007ffa6166f000 	C:\WINDOWS\System32\WS2_32.dll
0x00007ffa5cd60000 - 0x00007ffa5cd8d000 	C:\WINDOWS\SYSTEM32\WINMMBASE.dll
0x00007ffa5f480000 - 0x00007ffa5f4ca000 	C:\WINDOWS\System32\cfgmgr32.dll
0x00007ffa5a210000 - 0x00007ffa5a21f000 	C:\Program Files\Android\Android Studio\jre\jre\bin\verify.dll
0x00007ffa5a1e0000 - 0x00007ffa5a209000 	C:\Program Files\Android\Android Studio\jre\jre\bin\java.dll
0x00007ffa5a1c0000 - 0x00007ffa5a1d6000 	C:\Program Files\Android\Android Studio\jre\jre\bin\zip.dll
0x00007ffa619f0000 - 0x00007ffa620d5000 	C:\WINDOWS\System32\SHELL32.dll
0x00007ffa61890000 - 0x00007ffa61939000 	C:\WINDOWS\System32\shcore.dll
0x00007ffa5f6b0000 - 0x00007ffa5fe2f000 	C:\WINDOWS\System32\windows.storage.dll
0x00007ffa5f310000 - 0x00007ffa5f32f000 	C:\WINDOWS\System32\profapi.dll
0x00007ffa5f280000 - 0x00007ffa5f2ca000 	C:\WINDOWS\System32\powrprof.dll
0x00007ffa5f270000 - 0x00007ffa5f280000 	C:\WINDOWS\System32\UMPDC.dll
0x00007ffa620e0000 - 0x00007ffa62132000 	C:\WINDOWS\System32\shlwapi.dll
0x00007ffa5f2d0000 - 0x00007ffa5f2e1000 	C:\WINDOWS\System32\kernel.appcore.dll
0x00007ffa603b0000 - 0x00007ffa603c7000 	C:\WINDOWS\System32\cryptsp.dll
0x00007ffa5a1a0000 - 0x00007ffa5a1ba000 	C:\Program Files\Android\Android Studio\jre\jre\bin\net.dll
0x00007ffa5ea80000 - 0x00007ffa5eae7000 	C:\WINDOWS\system32\mswsock.dll
0x00007ffa5a180000 - 0x00007ffa5a191000 	C:\Program Files\Android\Android Studio\jre\jre\bin\nio.dll
0x00007ffa30860000 - 0x00007ffa30886000 	C:\Users\INTEL\.gradle\native\29\windows-amd64\native-platform.dll
0x00007ffa5a170000 - 0x00007ffa5a17d000 	C:\Program Files\Android\Android Studio\jre\jre\bin\management.dll
0x00007ffa5e5f0000 - 0x00007ffa5e623000 	C:\WINDOWS\system32\rsaenh.dll
0x00007ffa5fe30000 - 0x00007ffa5fe56000 	C:\WINDOWS\System32\bcrypt.dll
0x00007ffa5f160000 - 0x00007ffa5f185000 	C:\WINDOWS\SYSTEM32\USERENV.dll
0x00007ffa5ec50000 - 0x00007ffa5ec5c000 	C:\WINDOWS\SYSTEM32\CRYPTBASE.dll
0x00007ffa5e790000 - 0x00007ffa5e7ca000 	C:\WINDOWS\SYSTEM32\IPHLPAPI.DLL
0x00007ffa619e0000 - 0x00007ffa619e8000 	C:\WINDOWS\System32\NSI.dll
0x00007ffa578a0000 - 0x00007ffa578b6000 	C:\WINDOWS\SYSTEM32\dhcpcsvc6.DLL
0x00007ffa57880000 - 0x00007ffa5789c000 	C:\WINDOWS\SYSTEM32\dhcpcsvc.DLL
0x00007ffa5e7d0000 - 0x00007ffa5e89a000 	C:\WINDOWS\SYSTEM32\DNSAPI.dll

VM Arguments:
jvm_args: -Xmx1536m -Dfile.encoding=windows-1252 -Duser.country=US -Duser.language=en -Duser.variant 
java_command: org.gradle.launcher.daemon.bootstrap.GradleDaemon 5.4.1
java_class_path (initial): C:\Users\INTEL\.gradle\wrapper\dists\gradle-5.4.1-all\3221gyojl5jsh0helicew7rwx\gradle-5.4.1\lib\gradle-launcher-5.4.1.jar
Launcher Type: SUN_STANDARD

Environment Variables:
PATH=C:\Program Files (x86)\Common Files\Intel\Shared Files\cpp\bin\Intel64;C:\Windows\system32;C:\Windows;C:\Windows\System32\Wbem;C:\Windows\System32\WindowsPowerShell\v1.0\;C:\Program Files (x86)\NVIDIA Corporation\PhysX\Common;C:\WINDOWS\system32;C:\WINDOWS;C:\WINDOWS\System32\Wbem;C:\WINDOWS\System32\WindowsPowerShell\v1.0\;C:\WINDOWS\System32\OpenSSH\;C:\Users\INTEL\AppData\Local\Microsoft\WindowsApps;
USERNAME=INTEL
OS=Windows_NT
PROCESSOR_IDENTIFIER=Intel64 Family 6 Model 78 Stepping 3, GenuineIntel



---------------  S Y S T E M  ---------------

OS: Windows 10.0 , 64 bit Build 18362 (10.0.18362.329)

CPU:total 4 (initial active 4) (2 cores per cpu, 2 threads per core) family 6 model 78 stepping 3, cmov, cx8, fxsr, mmx, sse, sse2, sse3, ssse3, sse4.1, sse4.2, popcnt, avx, avx2, aes, clmul, erms, 3dnowpref, lzcnt, ht, tsc, tscinvbit, bmi1, bmi2, adx

Memory: 4k page, physical 4087928k(432508k free), swap 16670840k(4312k free)

vm_info: OpenJDK 64-Bit Server VM (25.202-b03) for windows-amd64 JRE (1.8.0_202-release-1483-b03), built by "builder" with MS VC++ 10.0 (VS2010)

time: Wed Dec 25 09:00:16 2019
timezone: Pacific Standard Time
elapsed time: 12 seconds (0d 0h 0m 12s)

