#
# There is insufficient memory for the Java Runtime Environment to continue.
# Native memory allocation (malloc) failed to allocate 1357856 bytes for Chunk::new
# Possible reasons:
#   The system is out of physical RAM or swap space
#   The process is running with CompressedOops enabled, and the Java Heap may be blocking the growth of the native heap
# Possible solutions:
#   Reduce memory load on the system
#   Increase physical memory or swap space
#   Check if swap backing store is full
#   Decrease Java heap size (-Xmx/-Xms)
#   Decrease number of Java threads
#   Decrease Java thread stack sizes (-Xss)
#   Set larger code cache with -XX:ReservedCodeCacheSize=
#   JVM is running with Unscaled Compressed Oops mode in which the Java heap is
#     placed in the first 4GB address space. The Java Heap base address is the
#     maximum limit for the native heap growth. Please use -XX:HeapBaseMinAddress
#     to set the Java Heap base and to place the Java Heap above 4GB virtual address.
# This output file may be truncated or incomplete.
#
#  Out of Memory Error (allocation.cpp:389), pid=11344, tid=0x0000000000002994
#
# JRE version: OpenJDK Runtime Environment (8.0_202-b03) (build 1.8.0_202-release-1483-b03)
# Java VM: OpenJDK 64-Bit Server VM (25.202-b03 mixed mode windows-amd64 compressed oops)
# Failed to write core dump. Minidumps are not enabled by default on client versions of Windows
#

---------------  T H R E A D  ---------------

Current thread (0x00000000163c8000):  JavaThread "C2 CompilerThread0" daemon [_thread_in_native, id=10644, stack(0x0000000017a30000,0x0000000017b30000)]

Stack: [0x0000000017a30000,0x0000000017b30000]
[error occurred during error reporting (printing stack bounds), id 0xc0000005]

Native frames: (J=compiled Java code, j=interpreted, Vv=VM code, C=native code)


Current CompileTask:
C2:   7384 2361       4       groovy.lang.MetaClassImpl$1MOPIter::methodNameAction (325 bytes)


---------------  P R O C E S S  ---------------

Java Threads: ( => current thread )
  0x000000001b6ec800 JavaThread "Cache worker for execution history cache (C:\Users\INTEL\.gradle\caches\5.4.1\executionHistory)" [_thread_blocked, id=11364, stack(0x0000000020520000,0x0000000020620000)]
  0x000000001b6e8800 JavaThread "Cache worker for cache directory md-rule (C:\Users\INTEL\.gradle\caches\5.4.1\md-rule)" [_thread_blocked, id=11360, stack(0x000000001e790000,0x000000001e890000)]
  0x000000001b6e5000 JavaThread "Cache worker for cache directory md-supplier (C:\Users\INTEL\.gradle\caches\5.4.1\md-supplier)" [_thread_blocked, id=10680, stack(0x000000001eb70000,0x000000001ec70000)]
  0x0000000019715800 JavaThread "Cache worker for file hash cache (E:\SEMESTER 5\P mobile\BACKUP\SEKIAN LAMA\TP_PMOBILE\4. Project\HumbleParking\.gradle\5.4.1\fileHashes)" [_thread_blocked, id=4380, stack(0x000000001e490000,0x000000001e590000)]
  0x000000001971a000 JavaThread "Cache worker for journal cache (C:\Users\INTEL\.gradle\caches\journal-1)" [_thread_blocked, id=4776, stack(0x000000001af80000,0x000000001b080000)]
  0x0000000019718800 JavaThread "File lock request listener" [_thread_in_native, id=10592, stack(0x000000001ae80000,0x000000001af80000)]
  0x0000000019719800 JavaThread "Cache worker for file hash cache (C:\Users\INTEL\.gradle\caches\5.4.1\fileHashes)" [_thread_blocked, id=4892, stack(0x000000001ad80000,0x000000001ae80000)]
  0x00000000192c4000 JavaThread "Thread-9" [_thread_blocked, id=2064, stack(0x000000001ac80000,0x000000001ad80000)]
  0x00000000192bd000 JavaThread "Stdin handler" [_thread_blocked, id=10664, stack(0x000000001ab80000,0x000000001ac80000)]
  0x00000000195d8000 JavaThread "Asynchronous log dispatcher for DefaultDaemonConnection: socket connection from /127.0.0.1:50172 to /127.0.0.1:50173" [_thread_blocked, id=10832, stack(0x000000001aa80000,0x000000001ab80000)]
  0x00000000193e1000 JavaThread "Daemon worker" [_thread_in_vm, id=8916, stack(0x000000001a980000,0x000000001aa80000)]
  0x00000000195dd000 JavaThread "Cancel handler" [_thread_blocked, id=10612, stack(0x000000001a880000,0x000000001a980000)]
  0x00000000197f8000 JavaThread "Handler for socket connection from /127.0.0.1:50172 to /127.0.0.1:50173" [_thread_in_native, id=10668, stack(0x000000001a580000,0x000000001a680000)]
  0x00000000197db000 JavaThread "Daemon" [_thread_blocked, id=10768, stack(0x000000001a480000,0x000000001a580000)]
  0x00000000197d8000 JavaThread "Daemon periodic checks" [_thread_blocked, id=10716, stack(0x000000001a380000,0x000000001a480000)]
  0x0000000019368800 JavaThread "Incoming local TCP Connector on port 50172" [_thread_in_native, id=10684, stack(0x000000001a140000,0x000000001a240000)]
  0x000000001928b800 JavaThread "Daemon health stats" [_thread_blocked, id=10676, stack(0x0000000019b00000,0x0000000019c00000)]
  0x0000000017d50800 JavaThread "Service Thread" daemon [_thread_blocked, id=10660, stack(0x0000000018130000,0x0000000018230000)]
  0x00000000163d8000 JavaThread "C1 CompilerThread2" daemon [_thread_blocked, id=10652, stack(0x0000000017c30000,0x0000000017d30000)]
  0x00000000163cd000 JavaThread "C2 CompilerThread1" daemon [_thread_in_native, id=10648, stack(0x0000000017b30000,0x0000000017c30000)]
=>0x00000000163c8000 JavaThread "C2 CompilerThread0" daemon [_thread_in_native, id=10644, stack(0x0000000017a30000,0x0000000017b30000)]
  0x00000000163d6000 JavaThread "Attach Listener" daemon [_thread_blocked, id=10608, stack(0x0000000017930000,0x0000000017a30000)]
  0x00000000163d4800 JavaThread "Signal Dispatcher" daemon [_thread_blocked, id=10596, stack(0x0000000017830000,0x0000000017930000)]
  0x0000000002a5b000 JavaThread "Finalizer" daemon [_thread_blocked, id=10552, stack(0x0000000017630000,0x0000000017730000)]
  0x00000000163b9000 JavaThread "Reference Handler" daemon [_thread_blocked, id=5932, stack(0x0000000017530000,0x0000000017630000)]
  0x000000000295d800 JavaThread "main" [_thread_blocked, id=2980, stack(0x0000000002760000,0x0000000002860000)]

Other Threads:
  0x0000000016396800 VMThread [stack: 0x0000000017430000,0x0000000017530000] [id=6272]
  0x000000001642d800 WatcherThread [stack: 0x0000000018230000,0x0000000018330000] [id=10672]

VM state:not at safepoint (normal execution)

VM Mutex/Monitor currently owned by a thread: None

heap address: 0x00000000a0000000, size: 1536 MB, Compressed Oops mode: 32-bit
Narrow klass base: 0x0000000000000000, Narrow klass shift: 3
Compressed class space size: 1073741824 Address: 0x0000000100000000

Heap:
 PSYoungGen      total 95232K, used 83986K [0x00000000e0000000, 0x00000000e7400000, 0x0000000100000000)
  eden space 88064K, 87% used [0x00000000e0000000,0x00000000e4b0b2e0,0x00000000e5600000)
  from space 7168K, 99% used [0x00000000e6d00000,0x00000000e73f9588,0x00000000e7400000)
  to   space 8192K, 0% used [0x00000000e6400000,0x00000000e6400000,0x00000000e6c00000)
 ParOldGen       total 33792K, used 9334K [0x00000000a0000000, 0x00000000a2100000, 0x00000000e0000000)
  object space 33792K, 27% used [0x00000000a0000000,0x00000000a091d950,0x00000000a2100000)
 Metaspace       used 32604K, capacity 33230K, committed 33408K, reserved 1077248K
  class space    used 4489K, capacity 4684K, committed 4736K, reserved 1048576K

Card table byte_map: [0x0000000011e20000,0x0000000012130000] byte_map_base: 0x0000000011920000

Marking Bits: (ParMarkBitMap*) 0x0000000058379f30
 Begin Bits: [0x0000000012730000, 0x0000000013f30000)
 End Bits:   [0x0000000013f30000, 0x0000000015730000)

Polling page: 0x0000000000f20000

CodeCache: size=245760Kb used=9528Kb max_used=9528Kb free=236231Kb
 bounds [0x0000000002a60000, 0x00000000033c0000, 0x0000000011a60000]
 total_blobs=3188 nmethods=2504 adapters=597
 compilation: enabled

Compilation events (10 events):
Event: 7.353 Thread 0x00000000163d8000 2512       3       org.gradle.model.internal.asm.AsmClassGeneratorUtils::visitType (417 bytes)
Event: 7.361 Thread 0x00000000163d8000 nmethod 2512 0x00000000033a5f50 code [0x00000000033a6780, 0x00000000033ac658]
Event: 7.361 Thread 0x00000000163d8000 2513       3       sun.reflect.generics.repository.ConstructorRepository::parse (6 bytes)
Event: 7.362 Thread 0x00000000163d8000 nmethod 2513 0x00000000033b0150 code [0x00000000033b0300, 0x00000000033b0978]
Event: 7.362 Thread 0x00000000163d8000 2514       3       sun.reflect.generics.repository.ConstructorRepository::parse (8 bytes)
Event: 7.363 Thread 0x00000000163d8000 nmethod 2514 0x00000000033b0d10 code [0x00000000033b0ec0, 0x00000000033b1458]
Event: 7.363 Thread 0x00000000163d8000 2515       3       sun.reflect.generics.parser.SignatureParser::parseMethodSig (13 bytes)
Event: 7.363 Thread 0x00000000163d8000 nmethod 2515 0x00000000033b1710 code [0x00000000033b18a0, 0x00000000033b1c58]
Event: 7.363 Thread 0x00000000163d8000 2516       3       sun.reflect.generics.parser.SignatureParser::parseFormalParameters (47 bytes)
Event: 7.363 Thread 0x00000000163d8000 nmethod 2516 0x00000000033b1dd0 code [0x00000000033b1fa0, 0x00000000033b2308]

GC Heap History (10 events):
Event: 4.136 GC heap before
{Heap before GC invocations=7 (full 0):
 PSYoungGen      total 37888K, used 37058K [0x00000000e0000000, 0x00000000e2a00000, 0x0000000100000000)
  eden space 32768K, 100% used [0x00000000e0000000,0x00000000e2000000,0x00000000e2000000)
  from space 5120K, 83% used [0x00000000e2500000,0x00000000e2930af8,0x00000000e2a00000)
  to   space 5120K, 0% used [0x00000000e2000000,0x00000000e2000000,0x00000000e2500000)
 ParOldGen       total 44032K, used 4337K [0x00000000a0000000, 0x00000000a2b00000, 0x00000000e0000000)
  object space 44032K, 9% used [0x00000000a0000000,0x00000000a043c7e0,0x00000000a2b00000)
 Metaspace       used 16209K, capacity 16616K, committed 16896K, reserved 1062912K
  class space    used 2304K, capacity 2456K, committed 2560K, reserved 1048576K
Event: 4.151 GC heap after
Heap after GC invocations=7 (full 0):
 PSYoungGen      total 37888K, used 5110K [0x00000000e0000000, 0x00000000e4d00000, 0x0000000100000000)
  eden space 32768K, 0% used [0x00000000e0000000,0x00000000e0000000,0x00000000e2000000)
  from space 5120K, 99% used [0x00000000e2000000,0x00000000e24fdba8,0x00000000e2500000)
  to   space 6656K, 0% used [0x00000000e4680000,0x00000000e4680000,0x00000000e4d00000)
 ParOldGen       total 44032K, used 6109K [0x00000000a0000000, 0x00000000a2b00000, 0x00000000e0000000)
  object space 44032K, 13% used [0x00000000a0000000,0x00000000a05f7738,0x00000000a2b00000)
 Metaspace       used 16209K, capacity 16616K, committed 16896K, reserved 1062912K
  class space    used 2304K, capacity 2456K, committed 2560K, reserved 1048576K
}
Event: 4.820 GC heap before
{Heap before GC invocations=8 (full 0):
 PSYoungGen      total 37888K, used 37878K [0x00000000e0000000, 0x00000000e4d00000, 0x0000000100000000)
  eden space 32768K, 100% used [0x00000000e0000000,0x00000000e2000000,0x00000000e2000000)
  from space 5120K, 99% used [0x00000000e2000000,0x00000000e24fdba8,0x00000000e2500000)
  to   space 6656K, 0% used [0x00000000e4680000,0x00000000e4680000,0x00000000e4d00000)
 ParOldGen       total 44032K, used 6109K [0x00000000a0000000, 0x00000000a2b00000, 0x00000000e0000000)
  object space 44032K, 13% used [0x00000000a0000000,0x00000000a05f7738,0x00000000a2b00000)
 Metaspace       used 19097K, capacity 19632K, committed 19968K, reserved 1067008K
  class space    used 2769K, capacity 2958K, committed 3072K, reserved 1048576K
Event: 4.830 GC heap after
Heap after GC invocations=8 (full 0):
 PSYoungGen      total 71680K, used 5976K [0x00000000e0000000, 0x00000000e4e00000, 0x0000000100000000)
  eden space 65024K, 0% used [0x00000000e0000000,0x00000000e0000000,0x00000000e3f80000)
  from space 6656K, 89% used [0x00000000e4680000,0x00000000e4c56220,0x00000000e4d00000)
  to   space 7168K, 0% used [0x00000000e3f80000,0x00000000e3f80000,0x00000000e4680000)
 ParOldGen       total 44032K, used 7045K [0x00000000a0000000, 0x00000000a2b00000, 0x00000000e0000000)
  object space 44032K, 16% used [0x00000000a0000000,0x00000000a06e1758,0x00000000a2b00000)
 Metaspace       used 19097K, capacity 19632K, committed 19968K, reserved 1067008K
  class space    used 2769K, capacity 2958K, committed 3072K, reserved 1048576K
}
Event: 5.045 GC heap before
{Heap before GC invocations=9 (full 0):
 PSYoungGen      total 71680K, used 18570K [0x00000000e0000000, 0x00000000e4e00000, 0x0000000100000000)
  eden space 65024K, 19% used [0x00000000e0000000,0x00000000e0c4c858,0x00000000e3f80000)
  from space 6656K, 89% used [0x00000000e4680000,0x00000000e4c56220,0x00000000e4d00000)
  to   space 7168K, 0% used [0x00000000e3f80000,0x00000000e3f80000,0x00000000e4680000)
 ParOldGen       total 44032K, used 7045K [0x00000000a0000000, 0x00000000a2b00000, 0x00000000e0000000)
  object space 44032K, 16% used [0x00000000a0000000,0x00000000a06e1758,0x00000000a2b00000)
 Metaspace       used 20703K, capacity 21142K, committed 21296K, reserved 1067008K
  class space    used 2954K, capacity 3119K, committed 3200K, reserved 1048576K
Event: 5.054 GC heap after
Heap after GC invocations=9 (full 0):
 PSYoungGen      total 72192K, used 4593K [0x00000000e0000000, 0x00000000e7400000, 0x0000000100000000)
  eden space 65024K, 0% used [0x00000000e0000000,0x00000000e0000000,0x00000000e3f80000)
  from space 7168K, 64% used [0x00000000e3f80000,0x00000000e43fc690,0x00000000e4680000)
  to   space 7168K, 0% used [0x00000000e6d00000,0x00000000e6d00000,0x00000000e7400000)
 ParOldGen       total 44032K, used 8017K [0x00000000a0000000, 0x00000000a2b00000, 0x00000000e0000000)
  object space 44032K, 18% used [0x00000000a0000000,0x00000000a07d47c8,0x00000000a2b00000)
 Metaspace       used 20703K, capacity 21142K, committed 21296K, reserved 1067008K
  class space    used 2954K, capacity 3119K, committed 3200K, reserved 1048576K
}
Event: 5.054 GC heap before
{Heap before GC invocations=10 (full 1):
 PSYoungGen      total 72192K, used 4593K [0x00000000e0000000, 0x00000000e7400000, 0x0000000100000000)
  eden space 65024K, 0% used [0x00000000e0000000,0x00000000e0000000,0x00000000e3f80000)
  from space 7168K, 64% used [0x00000000e3f80000,0x00000000e43fc690,0x00000000e4680000)
  to   space 7168K, 0% used [0x00000000e6d00000,0x00000000e6d00000,0x00000000e7400000)
 ParOldGen       total 44032K, used 8017K [0x00000000a0000000, 0x00000000a2b00000, 0x00000000e0000000)
  object space 44032K, 18% used [0x00000000a0000000,0x00000000a07d47c8,0x00000000a2b00000)
 Metaspace       used 20703K, capacity 21142K, committed 21296K, reserved 1067008K
  class space    used 2954K, capacity 3119K, committed 3200K, reserved 1048576K
Event: 5.128 GC heap after
Heap after GC invocations=10 (full 1):
 PSYoungGen      total 72192K, used 0K [0x00000000e0000000, 0x00000000e7400000, 0x0000000100000000)
  eden space 65024K, 0% used [0x00000000e0000000,0x00000000e0000000,0x00000000e3f80000)
  from space 7168K, 0% used [0x00000000e3f80000,0x00000000e3f80000,0x00000000e4680000)
  to   space 7168K, 0% used [0x00000000e6d00000,0x00000000e6d00000,0x00000000e7400000)
 ParOldGen       total 33792K, used 8450K [0x00000000a0000000, 0x00000000a2100000, 0x00000000e0000000)
  object space 33792K, 25% used [0x00000000a0000000,0x00000000a0840bb8,0x00000000a2100000)
 Metaspace       used 20703K, capacity 21142K, committed 21296K, reserved 1067008K
  class space    used 2954K, capacity 3119K, committed 3200K, reserved 1048576K
}
Event: 6.286 GC heap before
{Heap before GC invocations=11 (full 1):
 PSYoungGen      total 72192K, used 65024K [0x00000000e0000000, 0x00000000e7400000, 0x0000000100000000)
  eden space 65024K, 100% used [0x00000000e0000000,0x00000000e3f80000,0x00000000e3f80000)
  from space 7168K, 0% used [0x00000000e3f80000,0x00000000e3f80000,0x00000000e4680000)
  to   space 7168K, 0% used [0x00000000e6d00000,0x00000000e6d00000,0x00000000e7400000)
 ParOldGen       total 33792K, used 8450K [0x00000000a0000000, 0x00000000a2100000, 0x00000000e0000000)
  object space 33792K, 25% used [0x00000000a0000000,0x00000000a0840bb8,0x00000000a2100000)
 Metaspace       used 28920K, capacity 29482K, committed 29696K, reserved 1075200K
  class space    used 3900K, capacity 4096K, committed 4096K, reserved 1048576K
Event: 6.302 GC heap after
Heap after GC invocations=11 (full 1):
 PSYoungGen      total 95232K, used 7141K [0x00000000e0000000, 0x00000000e7400000, 0x0000000100000000)
  eden space 88064K, 0% used [0x00000000e0000000,0x00000000e0000000,0x00000000e5600000)
  from space 7168K, 99% used [0x00000000e6d00000,0x00000000e73f9588,0x00000000e7400000)
  to   space 8192K, 0% used [0x00000000e6400000,0x00000000e6400000,0x00000000e6c00000)
 ParOldGen       total 33792K, used 9334K [0x00000000a0000000, 0x00000000a2100000, 0x00000000e0000000)
  object space 33792K, 27% used [0x00000000a0000000,0x00000000a091d950,0x00000000a2100000)
 Metaspace       used 28920K, capacity 29482K, committed 29696K, reserved 1075200K
  class space    used 3900K, capacity 4096K, committed 4096K, reserved 1048576K
}

Deoptimization events (10 events):
Event: 5.971 Thread 0x00000000193e1000 Uncommon trap: reason=unstable_if action=reinterpret pc=0x0000000002cf8570 method=java.util.HashMap.hash(Ljava/lang/Object;)I @ 1
Event: 5.971 Thread 0x00000000193e1000 Uncommon trap: reason=unstable_if action=reinterpret pc=0x0000000002ee089c method=java.util.HashMap.putVal(ILjava/lang/Object;Ljava/lang/Object;ZZ)Ljava/lang/Object; @ 85
Event: 6.056 Thread 0x00000000193e1000 Uncommon trap: reason=unstable_if action=reinterpret pc=0x0000000002d42cb0 method=java.util.LinkedHashMap.afterNodeInsertion(Z)V @ 1
Event: 6.255 Thread 0x00000000193e1000 Uncommon trap: reason=unstable_if action=reinterpret pc=0x0000000003281888 method=java.util.WeakHashMap.put(Ljava/lang/Object;Ljava/lang/Object;)Ljava/lang/Object; @ 72
Event: 6.305 Thread 0x00000000163b9000 Uncommon trap: reason=unstable_if action=reinterpret pc=0x0000000003039afc method=java.lang.ref.Reference.tryHandlePending(Z)Z @ 104
Event: 6.334 Thread 0x00000000193e1000 Uncommon trap: reason=class_check action=maybe_recompile pc=0x00000000030696c4 method=sun.misc.URLClassPath.getLoader(I)Lsun/misc/URLClassPath$Loader; @ 94
Event: 6.339 Thread 0x00000000193e1000 Uncommon trap: reason=class_check action=maybe_recompile pc=0x0000000003072678 method=sun.misc.URLClassPath.getLoader(I)Lsun/misc/URLClassPath$Loader; @ 239
Event: 6.464 Thread 0x00000000193e1000 Uncommon trap: reason=unstable_if action=reinterpret pc=0x0000000002cfbfcc method=java.io.WinNTFileSystem.resolve(Ljava/lang/String;Ljava/lang/String;)Ljava/lang/String; @ 49
Event: 6.501 Thread 0x00000000193e1000 Uncommon trap: reason=unstable_if action=reinterpret pc=0x0000000003307fb8 method=org.codehaus.groovy.runtime.metaclass.MetaMethodIndex.addMethodToList(Ljava/lang/Object;Lgroovy/lang/MetaMethod;)Ljava/lang/Object; @ 226
Event: 7.167 Thread 0x00000000193e1000 Uncommon trap: reason=unstable_if action=reinterpret pc=0x0000000002b615e0 method=java.net.URI.match(CJJ)Z @ 45

Classes redefined (0 events):
No events

Internal exceptions (10 events):
Event: 6.655 Thread 0x00000000193e1000 Exception <a 'java/lang/ClassNotFoundException': org/gradle/api/internal/artifacts/repositories/AbstractArtifactRepositoryBeanInfo> (0x00000000e19faa10) thrown at [D:\src\AOSP-openjdk-cygwin\jdk8u\hotspot\src\share\vm\classfile\systemDictionary.cpp, line 
Event: 6.656 Thread 0x00000000193e1000 Exception <a 'java/lang/ClassNotFoundException': org/gradle/api/internal/artifacts/repositories/AbstractArtifactRepositoryCustomizer> (0x00000000e1a4cd18) thrown at [D:\src\AOSP-openjdk-cygwin\jdk8u\hotspot\src\share\vm\classfile\systemDictionary.cpp, lin
Event: 6.672 Thread 0x00000000193e1000 Exception <a 'java/lang/ClassNotFoundException': org/gradle/api/internal/artifacts/repositories/AbstractResolutionAwareArtifactRepositoryCustomizer> (0x00000000e1ac91c0) thrown at [D:\src\AOSP-openjdk-cygwin\jdk8u\hotspot\src\share\vm\classfile\systemDict
Event: 6.686 Thread 0x00000000193e1000 Exception <a 'java/lang/ClassNotFoundException': org/gradle/api/internal/artifacts/repositories/AbstractAuthenticationSupportedRepositoryCustomizer> (0x00000000e1b2e0d8) thrown at [D:\src\AOSP-openjdk-cygwin\jdk8u\hotspot\src\share\vm\classfile\systemDict
Event: 6.693 Thread 0x00000000193e1000 Exception <a 'java/lang/ClassNotFoundException': org/gradle/api/internal/artifacts/repositories/DefaultMavenArtifactRepositoryCustomizer> (0x00000000e1b97258) thrown at [D:\src\AOSP-openjdk-cygwin\jdk8u\hotspot\src\share\vm\classfile\systemDictionary.cpp,
Event: 6.697 Thread 0x00000000193e1000 Exception <a 'java/lang/ClassNotFoundException': org/gradle/api/internal/artifacts/repositories/DefaultMavenArtifactRepository_DecoratedCustomizer> (0x00000000e1c0acb0) thrown at [D:\src\AOSP-openjdk-cygwin\jdk8u\hotspot\src\share\vm\classfile\systemDicti
Event: 7.131 Thread 0x00000000193e1000 Exception <a 'java/lang/ClassNotFoundException': org/gradle/api/internal/artifacts/dsl/dependencies/DefaultDependencyHandler_DecoratedBeanInfo> (0x00000000e37fdb00) thrown at [D:\src\AOSP-openjdk-cygwin\jdk8u\hotspot\src\share\vm\classfile\systemDictionar
Event: 7.133 Thread 0x00000000193e1000 Exception <a 'java/lang/ClassNotFoundException': org/gradle/api/internal/artifacts/dsl/dependencies/DefaultDependencyHandlerBeanInfo> (0x00000000e384d120) thrown at [D:\src\AOSP-openjdk-cygwin\jdk8u\hotspot\src\share\vm\classfile\systemDictionary.cpp, lin
Event: 7.135 Thread 0x00000000193e1000 Exception <a 'java/lang/ClassNotFoundException': org/gradle/api/internal/artifacts/dsl/dependencies/DefaultDependencyHandlerCustomizer> (0x00000000e389d5b0) thrown at [D:\src\AOSP-openjdk-cygwin\jdk8u\hotspot\src\share\vm\classfile\systemDictionary.cpp, l
Event: 7.138 Thread 0x00000000193e1000 Exception <a 'java/lang/ClassNotFoundException': org/gradle/api/internal/artifacts/dsl/dependencies/DefaultDependencyHandler_DecoratedCustomizer> (0x00000000e3921098) thrown at [D:\src\AOSP-openjdk-cygwin\jdk8u\hotspot\src\share\vm\classfile\systemDiction

Events (10 events):
Event: 7.373 loading class org/gradle/api/internal/artifacts/ivyservice/resolveengine/graph/builder/ModuleResolveState
Event: 7.373 loading class org/gradle/api/internal/artifacts/ivyservice/resolveengine/graph/builder/ModuleResolveState done
Event: 7.374 loading class org/gradle/api/internal/artifacts/ivyservice/resolveengine/graph/conflicts/CandidateModule
Event: 7.374 loading class org/gradle/api/internal/artifacts/ivyservice/resolveengine/graph/conflicts/CandidateModule done
Event: 7.376 loading class org/gradle/api/internal/artifacts/ivyservice/resolveengine/graph/builder/PendingDependencies
Event: 7.376 loading class org/gradle/api/internal/artifacts/ivyservice/resolveengine/graph/builder/PendingDependencies done
Event: 7.376 loading class org/gradle/api/internal/artifacts/ivyservice/resolveengine/graph/builder/ComponentState
Event: 7.376 loading class org/gradle/api/internal/artifacts/ivyservice/resolveengine/graph/builder/ComponentState done
Event: 7.377 loading class org/gradle/api/internal/artifacts/ivyservice/resolveengine/graph/DependencyGraphComponent
Event: 7.377 loading class org/gradle/api/internal/artifacts/ivyservice/resolveengine/graph/DependencyGraphComponent done


Dynamic libraries:
0x00007ff6b78f0000 - 0x00007ff6b7921000 	C:\Program Files\Android\Android Studio\jre\bin\java.exe
0x00007ffa623a0000 - 0x00007ffa62590000 	C:\WINDOWS\SYSTEM32\ntdll.dll
0x00007ffa62170000 - 0x00007ffa62222000 	C:\WINDOWS\System32\KERNEL32.DLL
0x00007ffa5fe60000 - 0x00007ffa60103000 	C:\WINDOWS\System32\KERNELBASE.dll
0x00007ffa60eb0000 - 0x00007ffa60f53000 	C:\WINDOWS\System32\ADVAPI32.dll
0x00007ffa613b0000 - 0x00007ffa6144e000 	C:\WINDOWS\System32\msvcrt.dll
0x00007ffa61940000 - 0x00007ffa619d7000 	C:\WINDOWS\System32\sechost.dll
0x00007ffa608d0000 - 0x00007ffa609f0000 	C:\WINDOWS\System32\RPCRT4.dll
0x00007ffa616f0000 - 0x00007ffa61884000 	C:\WINDOWS\System32\USER32.dll
0x00007ffa5f680000 - 0x00007ffa5f6a1000 	C:\WINDOWS\System32\win32u.dll
0x00007ffa60db0000 - 0x00007ffa60dd6000 	C:\WINDOWS\System32\GDI32.dll
0x00007ffa60210000 - 0x00007ffa603a4000 	C:\WINDOWS\System32\gdi32full.dll
0x00007ffa60170000 - 0x00007ffa6020e000 	C:\WINDOWS\System32\msvcp_win.dll
0x00007ffa5f4d0000 - 0x00007ffa5f5ca000 	C:\WINDOWS\System32\ucrtbase.dll
0x00007ffa55790000 - 0x00007ffa55a15000 	C:\WINDOWS\WinSxS\amd64_microsoft.windows.common-controls_6595b64144ccf1df_6.0.18362.535_none_e6c3b34713100821\COMCTL32.dll
0x00007ffa609f0000 - 0x00007ffa60d26000 	C:\WINDOWS\System32\combase.dll
0x00007ffa603d0000 - 0x00007ffa60450000 	C:\WINDOWS\System32\bcryptPrimitives.dll
0x00007ffa62140000 - 0x00007ffa6216e000 	C:\WINDOWS\System32\IMM32.DLL
0x00000000579f0000 - 0x0000000057ac2000 	C:\Program Files\Android\Android Studio\jre\jre\bin\msvcr100.dll
0x0000000057bb0000 - 0x00000000583f6000 	C:\Program Files\Android\Android Studio\jre\jre\bin\server\jvm.dll
0x00007ffa60450000 - 0x00007ffa60458000 	C:\WINDOWS\System32\PSAPI.DLL
0x00007ffa54080000 - 0x00007ffa54089000 	C:\WINDOWS\SYSTEM32\WSOCK32.dll
0x00007ffa5cd90000 - 0x00007ffa5cdb4000 	C:\WINDOWS\SYSTEM32\WINMM.dll
0x00007ffa61600000 - 0x00007ffa6166f000 	C:\WINDOWS\System32\WS2_32.dll
0x00007ffa579f0000 - 0x00007ffa579fa000 	C:\WINDOWS\SYSTEM32\VERSION.dll
0x00007ffa5cd60000 - 0x00007ffa5cd8d000 	C:\WINDOWS\SYSTEM32\WINMMBASE.dll
0x00007ffa5f480000 - 0x00007ffa5f4ca000 	C:\WINDOWS\System32\cfgmgr32.dll
0x00007ffa5a210000 - 0x00007ffa5a21f000 	C:\Program Files\Android\Android Studio\jre\jre\bin\verify.dll
0x00007ffa5a1e0000 - 0x00007ffa5a209000 	C:\Program Files\Android\Android Studio\jre\jre\bin\java.dll
0x00007ffa5a1c0000 - 0x00007ffa5a1d6000 	C:\Program Files\Android\Android Studio\jre\jre\bin\zip.dll
0x00007ffa619f0000 - 0x00007ffa620d5000 	C:\WINDOWS\System32\SHELL32.dll
0x00007ffa61890000 - 0x00007ffa61939000 	C:\WINDOWS\System32\shcore.dll
0x00007ffa5f6b0000 - 0x00007ffa5fe2f000 	C:\WINDOWS\System32\windows.storage.dll
0x00007ffa5f310000 - 0x00007ffa5f32f000 	C:\WINDOWS\System32\profapi.dll
0x00007ffa5f280000 - 0x00007ffa5f2ca000 	C:\WINDOWS\System32\powrprof.dll
0x00007ffa5f270000 - 0x00007ffa5f280000 	C:\WINDOWS\System32\UMPDC.dll
0x00007ffa620e0000 - 0x00007ffa62132000 	C:\WINDOWS\System32\shlwapi.dll
0x00007ffa5f2d0000 - 0x00007ffa5f2e1000 	C:\WINDOWS\System32\kernel.appcore.dll
0x00007ffa603b0000 - 0x00007ffa603c7000 	C:\WINDOWS\System32\cryptsp.dll
0x00007ffa5a1a0000 - 0x00007ffa5a1ba000 	C:\Program Files\Android\Android Studio\jre\jre\bin\net.dll
0x00007ffa5ea80000 - 0x00007ffa5eae7000 	C:\WINDOWS\system32\mswsock.dll
0x00007ffa5a180000 - 0x00007ffa5a191000 	C:\Program Files\Android\Android Studio\jre\jre\bin\nio.dll
0x00007ffa30860000 - 0x00007ffa30886000 	C:\Users\INTEL\.gradle\native\29\windows-amd64\native-platform.dll
0x00007ffa5a170000 - 0x00007ffa5a17d000 	C:\Program Files\Android\Android Studio\jre\jre\bin\management.dll
0x00007ffa5e5f0000 - 0x00007ffa5e623000 	C:\WINDOWS\system32\rsaenh.dll
0x00007ffa5fe30000 - 0x00007ffa5fe56000 	C:\WINDOWS\System32\bcrypt.dll
0x00007ffa5f160000 - 0x00007ffa5f185000 	C:\WINDOWS\SYSTEM32\USERENV.dll
0x00007ffa5ec50000 - 0x00007ffa5ec5c000 	C:\WINDOWS\SYSTEM32\CRYPTBASE.dll
0x00007ffa5e790000 - 0x00007ffa5e7ca000 	C:\WINDOWS\SYSTEM32\IPHLPAPI.DLL
0x00007ffa619e0000 - 0x00007ffa619e8000 	C:\WINDOWS\System32\NSI.dll
0x00007ffa578a0000 - 0x00007ffa578b6000 	C:\WINDOWS\SYSTEM32\dhcpcsvc6.DLL
0x00007ffa57880000 - 0x00007ffa5789c000 	C:\WINDOWS\SYSTEM32\dhcpcsvc.DLL
0x00007ffa5e7d0000 - 0x00007ffa5e89a000 	C:\WINDOWS\SYSTEM32\DNSAPI.dll

VM Arguments:
jvm_args: -Xmx1536m -Dfile.encoding=windows-1252 -Duser.country=US -Duser.language=en -Duser.variant 
java_command: org.gradle.launcher.daemon.bootstrap.GradleDaemon 5.4.1
java_class_path (initial): C:\Users\INTEL\.gradle\wrapper\dists\gradle-5.4.1-all\3221gyojl5jsh0helicew7rwx\gradle-5.4.1\lib\gradle-launcher-5.4.1.jar
Launcher Type: SUN_STANDARD

Environment Variables:
PATH=C:\Program Files (x86)\Common Files\Intel\Shared Files\cpp\bin\Intel64;C:\Windows\system32;C:\Windows;C:\Windows\System32\Wbem;C:\Windows\System32\WindowsPowerShell\v1.0\;C:\Program Files (x86)\NVIDIA Corporation\PhysX\Common;C:\WINDOWS\system32;C:\WINDOWS;C:\WINDOWS\System32\Wbem;C:\WINDOWS\System32\WindowsPowerShell\v1.0\;C:\WINDOWS\System32\OpenSSH\;C:\Users\INTEL\AppData\Local\Microsoft\WindowsApps;
USERNAME=INTEL
OS=Windows_NT
PROCESSOR_IDENTIFIER=Intel64 Family 6 Model 78 Stepping 3, GenuineIntel



---------------  S Y S T E M  ---------------

OS: Windows 10.0 , 64 bit Build 18362 (10.0.18362.329)

CPU:total 4 (initial active 4) (2 cores per cpu, 2 threads per core) family 6 model 78 stepping 3, cmov, cx8, fxsr, mmx, sse, sse2, sse3, ssse3, sse4.1, sse4.2, popcnt, avx, avx2, aes, clmul, erms, 3dnowpref, lzcnt, ht, tsc, tscinvbit, bmi1, bmi2, adx

Memory: 4k page, physical 4087928k(752364k free), swap 16670840k(6164k free)

vm_info: OpenJDK 64-Bit Server VM (25.202-b03) for windows-amd64 JRE (1.8.0_202-release-1483-b03), built by "builder" with MS VC++ 10.0 (VS2010)

time: Wed Dec 25 09:00:40 2019
timezone: Pacific Standard Time
elapsed time: 7 seconds (0d 0h 0m 7s)

