#
# There is insufficient memory for the Java Runtime Environment to continue.
# Native memory allocation (malloc) failed to allocate 164976 bytes for Chunk::new
# Possible reasons:
#   The system is out of physical RAM or swap space
#   The process is running with CompressedOops enabled, and the Java Heap may be blocking the growth of the native heap
# Possible solutions:
#   Reduce memory load on the system
#   Increase physical memory or swap space
#   Check if swap backing store is full
#   Decrease Java heap size (-Xmx/-Xms)
#   Decrease number of Java threads
#   Decrease Java thread stack sizes (-Xss)
#   Set larger code cache with -XX:ReservedCodeCacheSize=
#   JVM is running with Unscaled Compressed Oops mode in which the Java heap is
#     placed in the first 4GB address space. The Java Heap base address is the
#     maximum limit for the native heap growth. Please use -XX:HeapBaseMinAddress
#     to set the Java Heap base and to place the Java Heap above 4GB virtual address.
# This output file may be truncated or incomplete.
#
#  Out of Memory Error (allocation.cpp:389), pid=7508, tid=0x0000000000000b34
#
# JRE version: OpenJDK Runtime Environment (8.0_202-b03) (build 1.8.0_202-release-1483-b03)
# Java VM: OpenJDK 64-Bit Server VM (25.202-b03 mixed mode windows-amd64 compressed oops)
# Failed to write core dump. Minidumps are not enabled by default on client versions of Windows
#

---------------  T H R E A D  ---------------

Current thread (0x0000000015d0c800):  JavaThread "C2 CompilerThread1" daemon [_thread_in_native, id=2868, stack(0x0000000017460000,0x0000000017560000)]

Stack: [0x0000000017460000,0x0000000017560000]
[error occurred during error reporting (printing stack bounds), id 0xc0000005]

Native frames: (J=compiled Java code, j=interpreted, Vv=VM code, C=native code)


Current CompileTask:
C2:3646819 28774  s!   4       sun.misc.URLClassPath::getLoader (243 bytes)


---------------  P R O C E S S  ---------------

Java Threads: ( => current thread )
  0x000000001ca89800 JavaThread "Cache worker for Build Output Cleanup Cache (E:\SEMESTER 5\P mobile\BACKUP\SEKIAN LAMA\TP_PMOBILE\4. Project\HumbleParking\.gradle\buildOutputCleanup)" [_thread_blocked, id=6936, stack(0x00000000216e0000,0x00000000217e0000)]
  0x000000001ca80800 JavaThread "Build operations Thread 4" [_thread_blocked, id=12212, stack(0x0000000020eb0000,0x0000000020fb0000)]
  0x000000001ca87800 JavaThread "Build operations Thread 3" [_thread_blocked, id=11720, stack(0x0000000020db0000,0x0000000020eb0000)]
  0x000000001ca86000 JavaThread "Build operations Thread 2" [_thread_blocked, id=8712, stack(0x0000000020ab0000,0x0000000020bb0000)]
  0x000000001ca84800 JavaThread "Build operations" [_thread_blocked, id=712, stack(0x000000001fab0000,0x000000001fbb0000)]
  0x000000001ca83800 JavaThread "Cache worker for cache directory md-rule (C:\Users\INTEL\.gradle\caches\5.4.1\md-rule)" [_thread_blocked, id=5116, stack(0x000000001df20000,0x000000001e020000)]
  0x000000001ca83000 JavaThread "Cache worker for cache directory md-supplier (C:\Users\INTEL\.gradle\caches\5.4.1\md-supplier)" [_thread_blocked, id=6488, stack(0x000000001de20000,0x000000001df20000)]
  0x000000001ca7e800 JavaThread "Cache worker for file hash cache (E:\SEMESTER 5\P mobile\BACKUP\SEKIAN LAMA\TP_PMOBILE\4. Project\HumbleParking\.gradle\5.4.1\fileHashes)" [_thread_blocked, id=11564, stack(0x000000001bb80000,0x000000001bc80000)]
  0x000000001ca7b800 JavaThread "Thread-327" [_thread_blocked, id=10044, stack(0x000000001a5b0000,0x000000001a6b0000)]
  0x000000001ca7d000 JavaThread "Stdin handler" [_thread_blocked, id=6400, stack(0x000000001a2b0000,0x000000001a3b0000)]
  0x000000001ca80000 JavaThread "Asynchronous log dispatcher for DefaultDaemonConnection: socket connection from /127.0.0.1:49867 to /127.0.0.1:50113" [_thread_blocked, id=4580, stack(0x000000001a1b0000,0x000000001a2b0000)]
  0x000000001ca7c000 JavaThread "Cancel handler" [_thread_blocked, id=11304, stack(0x0000000019db0000,0x0000000019eb0000)]
  0x000000001ca81800 JavaThread "Handler for socket connection from /127.0.0.1:49867 to /127.0.0.1:50113" [_thread_in_native, id=4396, stack(0x00000000006d0000,0x00000000007d0000)]
  0x000000001e92b000 JavaThread "Daemon worker Thread 10" [_thread_in_Java, id=2076, stack(0x0000000019eb0000,0x0000000019fb0000)]
  0x000000001e92d000 JavaThread "Daemon Thread 10" [_thread_blocked, id=1204, stack(0x00000000004d0000,0x00000000005d0000)]
  0x000000001e92e800 JavaThread "Cache worker for Java compile cache (C:\Users\INTEL\.gradle\caches\5.4.1\javaCompile)" [_thread_blocked, id=8020, stack(0x0000000024870000,0x0000000024970000)]
  0x000000001e92f800 JavaThread "MarlinRenderer Disposer" daemon [_thread_blocked, id=8168, stack(0x0000000025160000,0x0000000025260000)]
  0x000000001e928800 JavaThread "Java2D Disposer" daemon [_thread_blocked, id=11968, stack(0x0000000024f70000,0x0000000025070000)]
  0x000000001e472000 JavaThread "Cache worker for file content cache (C:\Users\INTEL\.gradle\caches\5.4.1\fileContent)" [_thread_blocked, id=8768, stack(0x0000000024270000,0x0000000024370000)]
  0x000000001e46b800 JavaThread "Memory manager" [_thread_blocked, id=8384, stack(0x00000000215e0000,0x00000000216e0000)]
  0x000000001e465000 JavaThread "Cache worker for execution history cache (C:\Users\INTEL\.gradle\caches\5.4.1\executionHistory)" [_thread_blocked, id=11456, stack(0x000000001fdb0000,0x000000001feb0000)]
  0x0000000018f43800 JavaThread "Cache worker for journal cache (C:\Users\INTEL\.gradle\caches\journal-1)" [_thread_blocked, id=5292, stack(0x000000001a8b0000,0x000000001a9b0000)]
  0x0000000018f43000 JavaThread "File lock request listener" [_thread_in_native, id=5464, stack(0x000000001a7b0000,0x000000001a8b0000)]
  0x0000000018f47800 JavaThread "Cache worker for file hash cache (C:\Users\INTEL\.gradle\caches\5.4.1\fileHashes)" [_thread_blocked, id=6072, stack(0x000000001a6b0000,0x000000001a7b0000)]
  0x0000000017fb1800 JavaThread "Daemon periodic checks" [_thread_blocked, id=11140, stack(0x0000000019cb0000,0x0000000019db0000)]
  0x000000001823d000 JavaThread "Incoming local TCP Connector on port 49867" [_thread_in_native, id=7608, stack(0x0000000019a70000,0x0000000019b70000)]
  0x0000000017566800 JavaThread "Daemon health stats" [_thread_blocked, id=3304, stack(0x0000000019430000,0x0000000019530000)]
  0x000000001756e000 JavaThread "Service Thread" daemon [_thread_blocked, id=2068, stack(0x0000000017a60000,0x0000000017b60000)]
  0x0000000017568800 JavaThread "C1 CompilerThread2" daemon [_thread_in_vm, id=2888, stack(0x0000000017960000,0x0000000017a60000)]
=>0x0000000015d0c800 JavaThread "C2 CompilerThread1" daemon [_thread_in_native, id=2868, stack(0x0000000017460000,0x0000000017560000)]
  0x0000000015d08000 JavaThread "C2 CompilerThread0" daemon [_thread_in_native, id=1960, stack(0x0000000017360000,0x0000000017460000)]
  0x0000000015d16000 JavaThread "Attach Listener" daemon [_thread_blocked, id=9624, stack(0x0000000017260000,0x0000000017360000)]
  0x0000000015d14800 JavaThread "Signal Dispatcher" daemon [_thread_blocked, id=2588, stack(0x0000000017160000,0x0000000017260000)]
  0x0000000002395000 JavaThread "Finalizer" daemon [_thread_blocked, id=1500, stack(0x0000000016f60000,0x0000000017060000)]
  0x0000000015cf9000 JavaThread "Reference Handler" daemon [_thread_blocked, id=1420, stack(0x0000000016e60000,0x0000000016f60000)]
  0x000000000229d800 JavaThread "main" [_thread_blocked, id=1672, stack(0x0000000002160000,0x0000000002260000)]

Other Threads:
  0x0000000015cd6800 VMThread [stack: 0x0000000016d60000,0x0000000016e60000] [id=1128]
  0x000000001756f800 WatcherThread [stack: 0x0000000017b60000,0x0000000017c60000] [id=2984]

VM state:not at safepoint (normal execution)

VM Mutex/Monitor currently owned by a thread:  ([mutex/lock_event])
[0x00000000022a1850] CompiledIC_lock - owner thread: 0x0000000017568800

heap address: 0x00000000a0000000, size: 1536 MB, Compressed Oops mode: 32-bit
Narrow klass base: 0x0000000000000000, Narrow klass shift: 3
Compressed class space size: 1073741824 Address: 0x0000000100000000

Heap:
 PSYoungGen      total 410624K, used 329330K [0x00000000e0000000, 0x00000000ffc80000, 0x0000000100000000)
  eden space 367104K, 77% used [0x00000000e0000000,0x00000000f1744580,0x00000000f6680000)
  from space 43520K, 99% used [0x00000000f6680000,0x00000000f90d82d0,0x00000000f9100000)
  to   space 76800K, 0% used [0x00000000fb180000,0x00000000fb180000,0x00000000ffc80000)
 ParOldGen       total 190464K, used 77859K [0x00000000a0000000, 0x00000000aba00000, 0x00000000e0000000)
  object space 190464K, 40% used [0x00000000a0000000,0x00000000a4c08f40,0x00000000aba00000)
 Metaspace       used 107115K, capacity 113816K, committed 114008K, reserved 1148928K
  class space    used 13401K, capacity 14647K, committed 14720K, reserved 1048576K

Card table byte_map: [0x0000000011760000,0x0000000011a70000] byte_map_base: 0x0000000011260000

Marking Bits: (ParMarkBitMap*) 0x0000000058379f30
 Begin Bits: [0x0000000012070000, 0x0000000013870000)
 End Bits:   [0x0000000013870000, 0x0000000015070000)

Polling page: 0x00000000007f0000

CodeCache: size=245760Kb used=81794Kb max_used=81868Kb free=163965Kb
 bounds [0x00000000023a0000, 0x0000000007440000, 0x00000000113a0000]
 total_blobs=22518 nmethods=21485 adapters=942
 compilation: enabled

Compilation events (10 events):
Event: 3646.784 Thread 0x0000000017568800 28775       3       java.util.Stack::empty (13 bytes)
Event: 3646.784 Thread 0x0000000017568800 nmethod 28775 0x00000000037b0310 code [0x00000000037b0480, 0x00000000037b0850]
Event: 3646.787 Thread 0x0000000017568800 28768       3       org.gradle.api.internal.artifacts.DefaultExcludeRuleContainer::<init> (5 bytes)
Event: 3646.787 Thread 0x0000000015d08000 28776   !   4       org.gradle.api.internal.attributes.DefaultImmutableAttributesFactory::doConcatIsolatable (146 bytes)
Event: 3646.788 Thread 0x0000000017568800 nmethod 28768 0x0000000002feb0d0 code [0x0000000002feb220, 0x0000000002feb3d0]
Event: 3646.790 Thread 0x0000000017568800 28777       3       org.gradle.api.internal.artifacts.transform.DefaultVariantTransformRegistry$UntypedRegistration::artifactTransform (28 bytes)
Event: 3646.791 Thread 0x0000000017568800 nmethod 28777 0x0000000003502210 code [0x0000000003502380, 0x0000000003502608]
Event: 3646.794 Thread 0x0000000017568800 28778       3       org.gradle.api.internal.artifacts.transform.LegacyTransformer::<init> (44 bytes)
Event: 3646.803 Thread 0x0000000017568800 nmethod 28778 0x0000000007415f90 code [0x0000000007416440, 0x0000000007418e18]
Event: 3646.807 Thread 0x0000000017568800 28779       3       org.gradle.api.internal.artifacts.transform.LegacyTransformer::hashSecondaryInputs (24 bytes)

GC Heap History (10 events):
Event: 1333.278 GC heap before
{Heap before GC invocations=30 (full 5):
 PSYoungGen      total 440832K, used 440825K [0x00000000e0000000, 0x0000000100000000, 0x0000000100000000)
  eden space 384000K, 100% used [0x00000000e0000000,0x00000000f7700000,0x00000000f7700000)
  from space 56832K, 99% used [0x00000000fc180000,0x00000000ff8fe660,0x00000000ff900000)
  to   space 70144K, 0% used [0x00000000f7700000,0x00000000f7700000,0x00000000fbb80000)
 ParOldGen       total 190464K, used 75454K [0x00000000a0000000, 0x00000000aba00000, 0x00000000e0000000)
  object space 190464K, 39% used [0x00000000a0000000,0x00000000a49af980,0x00000000aba00000)
 Metaspace       used 106059K, capacity 112084K, committed 112216K, reserved 1146880K
  class space    used 13298K, capacity 14458K, committed 14464K, reserved 1048576K
Event: 1333.452 GC heap after
Heap after GC invocations=30 (full 5):
 PSYoungGen      total 424448K, used 40384K [0x00000000e0000000, 0x0000000100000000, 0x0000000100000000)
  eden space 384000K, 0% used [0x00000000e0000000,0x00000000e0000000,0x00000000f7700000)
  from space 40448K, 99% used [0x00000000f7700000,0x00000000f9e70158,0x00000000f9e80000)
  to   space 70656K, 0% used [0x00000000fbb00000,0x00000000fbb00000,0x0000000100000000)
 ParOldGen       total 190464K, used 77667K [0x00000000a0000000, 0x00000000aba00000, 0x00000000e0000000)
  object space 190464K, 40% used [0x00000000a0000000,0x00000000a4bd8f20,0x00000000aba00000)
 Metaspace       used 106059K, capacity 112084K, committed 112216K, reserved 1146880K
  class space    used 13298K, capacity 14458K, committed 14464K, reserved 1048576K
}
Event: 2393.141 GC heap before
{Heap before GC invocations=31 (full 5):
 PSYoungGen      total 424448K, used 424115K [0x00000000e0000000, 0x0000000100000000, 0x0000000100000000)
  eden space 384000K, 99% used [0x00000000e0000000,0x00000000f76bcb10,0x00000000f7700000)
  from space 40448K, 99% used [0x00000000f7700000,0x00000000f9e70158,0x00000000f9e80000)
  to   space 70656K, 0% used [0x00000000fbb00000,0x00000000fbb00000,0x0000000100000000)
 ParOldGen       total 190464K, used 77667K [0x00000000a0000000, 0x00000000aba00000, 0x00000000e0000000)
  object space 190464K, 40% used [0x00000000a0000000,0x00000000a4bd8f20,0x00000000aba00000)
 Metaspace       used 106306K, capacity 112460K, committed 112600K, reserved 1146880K
  class space    used 13311K, capacity 14478K, committed 14592K, reserved 1048576K
Event: 2393.657 GC heap after
Heap after GC invocations=31 (full 5):
 PSYoungGen      total 448512K, used 46738K [0x00000000e0000000, 0x0000000100000000, 0x0000000100000000)
  eden space 377856K, 0% used [0x00000000e0000000,0x00000000e0000000,0x00000000f7100000)
  from space 70656K, 66% used [0x00000000fbb00000,0x00000000fe8a4b80,0x0000000100000000)
  to   space 73216K, 0% used [0x00000000f7100000,0x00000000f7100000,0x00000000fb880000)
 ParOldGen       total 190464K, used 77835K [0x00000000a0000000, 0x00000000aba00000, 0x00000000e0000000)
  object space 190464K, 40% used [0x00000000a0000000,0x00000000a4c02f40,0x00000000aba00000)
 Metaspace       used 106306K, capacity 112460K, committed 112600K, reserved 1146880K
  class space    used 13311K, capacity 14478K, committed 14592K, reserved 1048576K
}
Event: 2399.713 GC heap before
{Heap before GC invocations=32 (full 5):
 PSYoungGen      total 448512K, used 424594K [0x00000000e0000000, 0x0000000100000000, 0x0000000100000000)
  eden space 377856K, 100% used [0x00000000e0000000,0x00000000f7100000,0x00000000f7100000)
  from space 70656K, 66% used [0x00000000fbb00000,0x00000000fe8a4b80,0x0000000100000000)
  to   space 73216K, 0% used [0x00000000f7100000,0x00000000f7100000,0x00000000fb880000)
 ParOldGen       total 190464K, used 77835K [0x00000000a0000000, 0x00000000aba00000, 0x00000000e0000000)
  object space 190464K, 40% used [0x00000000a0000000,0x00000000a4c02f40,0x00000000aba00000)
 Metaspace       used 106346K, capacity 112548K, committed 112856K, reserved 1146880K
  class space    used 13314K, capacity 14482K, committed 14592K, reserved 1048576K
Event: 2399.852 GC heap after
Heap after GC invocations=32 (full 5):
 PSYoungGen      total 436736K, used 58714K [0x00000000e0000000, 0x0000000100000000, 0x0000000100000000)
  eden space 377856K, 0% used [0x00000000e0000000,0x00000000e0000000,0x00000000f7100000)
  from space 58880K, 99% used [0x00000000f7100000,0x00000000faa56a40,0x00000000faa80000)
  to   space 79360K, 0% used [0x00000000fb280000,0x00000000fb280000,0x0000000100000000)
 ParOldGen       total 190464K, used 77843K [0x00000000a0000000, 0x00000000aba00000, 0x00000000e0000000)
  object space 190464K, 40% used [0x00000000a0000000,0x00000000a4c04f40,0x00000000aba00000)
 Metaspace       used 106346K, capacity 112548K, committed 112856K, reserved 1146880K
  class space    used 13314K, capacity 14482K, committed 14592K, reserved 1048576K
}
Event: 2894.096 GC heap before
{Heap before GC invocations=33 (full 5):
 PSYoungGen      total 436736K, used 436570K [0x00000000e0000000, 0x0000000100000000, 0x0000000100000000)
  eden space 377856K, 100% used [0x00000000e0000000,0x00000000f7100000,0x00000000f7100000)
  from space 58880K, 99% used [0x00000000f7100000,0x00000000faa56a40,0x00000000faa80000)
  to   space 79360K, 0% used [0x00000000fb280000,0x00000000fb280000,0x0000000100000000)
 ParOldGen       total 190464K, used 77843K [0x00000000a0000000, 0x00000000aba00000, 0x00000000e0000000)
  object space 190464K, 40% used [0x00000000a0000000,0x00000000a4c04f40,0x00000000aba00000)
 Metaspace       used 106721K, capacity 113074K, committed 113112K, reserved 1148928K
  class space    used 13349K, capacity 14556K, committed 14592K, reserved 1048576K
Event: 2895.074 GC heap after
Heap after GC invocations=33 (full 5):
 PSYoungGen      total 446464K, used 41552K [0x00000000e0000000, 0x0000000100000000, 0x0000000100000000)
  eden space 367104K, 0% used [0x00000000e0000000,0x00000000e0000000,0x00000000f6680000)
  from space 79360K, 52% used [0x00000000fb280000,0x00000000fdb14158,0x0000000100000000)
  to   space 77824K, 0% used [0x00000000f6680000,0x00000000f6680000,0x00000000fb280000)
 ParOldGen       total 190464K, used 77851K [0x00000000a0000000, 0x00000000aba00000, 0x00000000e0000000)
  object space 190464K, 40% used [0x00000000a0000000,0x00000000a4c06f40,0x00000000aba00000)
 Metaspace       used 106721K, capacity 113074K, committed 113112K, reserved 1148928K
  class space    used 13349K, capacity 14556K, committed 14592K, reserved 1048576K
}
Event: 3214.693 GC heap before
{Heap before GC invocations=34 (full 5):
 PSYoungGen      total 446464K, used 408656K [0x00000000e0000000, 0x0000000100000000, 0x0000000100000000)
  eden space 367104K, 100% used [0x00000000e0000000,0x00000000f6680000,0x00000000f6680000)
  from space 79360K, 52% used [0x00000000fb280000,0x00000000fdb14158,0x0000000100000000)
  to   space 77824K, 0% used [0x00000000f6680000,0x00000000f6680000,0x00000000fb280000)
 ParOldGen       total 190464K, used 77851K [0x00000000a0000000, 0x00000000aba00000, 0x00000000e0000000)
  object space 190464K, 40% used [0x00000000a0000000,0x00000000a4c06f40,0x00000000aba00000)
 Metaspace       used 107002K, capacity 113558K, committed 113752K, reserved 1148928K
  class space    used 13388K, capacity 14626K, committed 14720K, reserved 1048576K
Event: 3215.452 GC heap after
Heap after GC invocations=34 (full 5):
 PSYoungGen      total 410624K, used 43360K [0x00000000e0000000, 0x00000000ffc80000, 0x0000000100000000)
  eden space 367104K, 0% used [0x00000000e0000000,0x00000000e0000000,0x00000000f6680000)
  from space 43520K, 99% used [0x00000000f6680000,0x00000000f90d82d0,0x00000000f9100000)
  to   space 76800K, 0% used [0x00000000fb180000,0x00000000fb180000,0x00000000ffc80000)
 ParOldGen       total 190464K, used 77859K [0x00000000a0000000, 0x00000000aba00000, 0x00000000e0000000)
  object space 190464K, 40% used [0x00000000a0000000,0x00000000a4c08f40,0x00000000aba00000)
 Metaspace       used 107002K, capacity 113558K, committed 113752K, reserved 1148928K
  class space    used 13388K, capacity 14626K, committed 14720K, reserved 1048576K
}

Deoptimization events (10 events):
Event: 2897.186 Thread 0x000000001e469000 Uncommon trap: reason=class_check action=maybe_recompile pc=0x000000000624b404 method=com.android.ide.common.resources.DataFile.addItems(Ljava/lang/Iterable;)V @ 1
Event: 2899.766 Thread 0x000000001e92c800 Uncommon trap: reason=class_check action=maybe_recompile pc=0x00000000051c9680 method=java.util.stream.MatchOps$MatchOp.evaluateSequential(Ljava/util/stream/PipelineHelper;Ljava/util/Spliterator;)Ljava/lang/Boolean; @ 14
Event: 2908.511 Thread 0x000000001e469000 Uncommon trap: reason=class_check action=maybe_recompile pc=0x0000000004603598 method=org.gradle.internal.execution.history.changes.SortedMapDiffUtil.diff(Ljava/util/SortedMap;Ljava/util/SortedMap;Lorg/gradle/internal/execution/history/changes/PropertyDif
Event: 3201.568 Thread 0x000000001e46a000 Uncommon trap: reason=null_check action=make_not_entrant pc=0x00000000050d3be0 method=java.io.ObjectStreamClass.getField(Ljava/lang/String;Ljava/lang/Class;)Ljava/io/ObjectStreamField; @ 67
Event: 3206.810 Thread 0x000000001e927000 Uncommon trap: reason=class_check action=maybe_recompile pc=0x000000000624b404 method=com.android.ide.common.resources.DataFile.addItems(Ljava/lang/Iterable;)V @ 1
Event: 3218.466 Thread 0x000000001e927000 Uncommon trap: reason=unstable_if action=reinterpret pc=0x0000000005ae753c method=java.util.concurrent.locks.AbstractQueuedSynchronizer.unparkSuccessor(Ljava/util/concurrent/locks/AbstractQueuedSynchronizer$Node;)V @ 22
Event: 3629.208 Thread 0x000000001ca7b800 Uncommon trap: reason=class_check action=maybe_recompile pc=0x000000000624b404 method=com.android.ide.common.resources.DataFile.addItems(Ljava/lang/Iterable;)V @ 1
Event: 3636.657 Thread 0x000000001ca7c000 Uncommon trap: reason=unstable_if action=reinterpret pc=0x00000000046c7a84 method=java.util.concurrent.locks.AbstractQueuedSynchronizer$ConditionObject.awaitNanos(J)J @ 115
Event: 3636.782 Thread 0x000000001e92b000 Uncommon trap: reason=unstable_if action=reinterpret pc=0x0000000005232550 method=java.lang.ref.SoftReference.get()Ljava/lang/Object; @ 6
Event: 3636.783 Thread 0x000000001e92b000 Uncommon trap: reason=unstable_if action=reinterpret pc=0x00000000064c1b00 method=java.util.concurrent.ConcurrentHashMap.replaceNode(Ljava/lang/Object;Ljava/lang/Object;Ljava/lang/Object;)Ljava/lang/Object; @ 136

Classes redefined (0 events):
No events

Internal exceptions (10 events):
Event: 2801.598 Thread 0x000000001e464800 Exception <a 'java/lang/ClassNotFoundException': build_5jr3d4ya88ei1wd25ghgctrvj$_run_closure1Customizer> (0x00000000f1495a98) thrown at [D:\src\AOSP-openjdk-cygwin\jdk8u\hotspot\src\share\vm\classfile\systemDictionary.cpp, line 210]
Event: 2803.658 Thread 0x000000001e464800 Exception <a 'sun/nio/fs/WindowsException'> (0x00000000f35252e8) thrown at [D:\src\AOSP-openjdk-cygwin\jdk8u\hotspot\src\share\vm\prims\jni.cpp, line 710]
Event: 2908.486 Thread 0x000000001e469000 Exception <a 'java/io/FileNotFoundException'> (0x00000000ead06e28) thrown at [D:\src\AOSP-openjdk-cygwin\jdk8u\hotspot\src\share\vm\prims\jni.cpp, line 710]
Event: 2909.337 Thread 0x000000001e92c800 Exception <a 'sun/nio/fs/WindowsException'> (0x00000000ebb0b6a0) thrown at [D:\src\AOSP-openjdk-cygwin\jdk8u\hotspot\src\share\vm\prims\jni.cpp, line 710]
Event: 3218.466 Thread 0x000000001e927000 Implicit null exception at 0x0000000005ae6a96 to 0x0000000005ae751d
Event: 3218.580 Thread 0x000000001e467000 Exception <a 'java/io/FileNotFoundException'> (0x00000000e3fc7438) thrown at [D:\src\AOSP-openjdk-cygwin\jdk8u\hotspot\src\share\vm\prims\jni.cpp, line 710]
Event: 3219.478 Thread 0x000000001e467000 Exception <a 'sun/nio/fs/WindowsException'> (0x00000000e4e6c140) thrown at [D:\src\AOSP-openjdk-cygwin\jdk8u\hotspot\src\share\vm\prims\jni.cpp, line 710]
Event: 3636.656 Thread 0x000000001ca83000 Exception <a 'java/io/IOException'> (0x00000000f01caef0) thrown at [D:\src\AOSP-openjdk-cygwin\jdk8u\hotspot\src\share\vm\prims\jni.cpp, line 710]
Event: 3636.730 Thread 0x000000001e92b000 Exception <a 'sun/nio/fs/WindowsException'> (0x00000000f05f52b0) thrown at [D:\src\AOSP-openjdk-cygwin\jdk8u\hotspot\src\share\vm\prims\jni.cpp, line 710]
Event: 3636.781 Thread 0x000000001e92b000 Implicit null exception at 0x00000000052312aa to 0x0000000005232531

Events (10 events):
Event: 3646.698 loading class org/codehaus/groovy/runtime/GroovyCategorySupport$CategoryMethodList
Event: 3646.698 loading class org/codehaus/groovy/runtime/GroovyCategorySupport$CategoryMethodList done
Event: 3646.756 Executing VM operation: Deoptimize
Event: 3646.768 Executing VM operation: Deoptimize done
Event: 3646.770 Thread 0x0000000017568800 flushing nmethod 0x0000000002535790
Event: 3646.770 Thread 0x0000000017568800 flushing nmethod 0x0000000002569a90
Event: 3646.786 Thread 0x0000000017568800 flushing nmethod 0x0000000002feaf90
Event: 3646.792 Thread 0x0000000017568800 flushing nmethod 0x000000000353b310
Event: 3646.793 Thread 0x0000000017568800 flushing nmethod 0x00000000037b2e50
Event: 3646.804 Thread 0x0000000017568800 flushing nmethod 0x0000000003a2e410


Dynamic libraries:
0x00007ff6b78f0000 - 0x00007ff6b7921000 	C:\Program Files\Android\Android Studio\jre\bin\java.exe
0x00007ffa623a0000 - 0x00007ffa62590000 	C:\WINDOWS\SYSTEM32\ntdll.dll
0x00007ffa62170000 - 0x00007ffa62222000 	C:\WINDOWS\System32\KERNEL32.DLL
0x00007ffa5fe60000 - 0x00007ffa60103000 	C:\WINDOWS\System32\KERNELBASE.dll
0x00007ffa60eb0000 - 0x00007ffa60f53000 	C:\WINDOWS\System32\ADVAPI32.dll
0x00007ffa613b0000 - 0x00007ffa6144e000 	C:\WINDOWS\System32\msvcrt.dll
0x00007ffa61940000 - 0x00007ffa619d7000 	C:\WINDOWS\System32\sechost.dll
0x00007ffa608d0000 - 0x00007ffa609f0000 	C:\WINDOWS\System32\RPCRT4.dll
0x00007ffa616f0000 - 0x00007ffa61884000 	C:\WINDOWS\System32\USER32.dll
0x00007ffa5f680000 - 0x00007ffa5f6a1000 	C:\WINDOWS\System32\win32u.dll
0x00007ffa60db0000 - 0x00007ffa60dd6000 	C:\WINDOWS\System32\GDI32.dll
0x00007ffa60210000 - 0x00007ffa603a4000 	C:\WINDOWS\System32\gdi32full.dll
0x00007ffa60170000 - 0x00007ffa6020e000 	C:\WINDOWS\System32\msvcp_win.dll
0x00007ffa5f4d0000 - 0x00007ffa5f5ca000 	C:\WINDOWS\System32\ucrtbase.dll
0x00007ffa55790000 - 0x00007ffa55a15000 	C:\WINDOWS\WinSxS\amd64_microsoft.windows.common-controls_6595b64144ccf1df_6.0.18362.535_none_e6c3b34713100821\COMCTL32.dll
0x00007ffa609f0000 - 0x00007ffa60d26000 	C:\WINDOWS\System32\combase.dll
0x00007ffa603d0000 - 0x00007ffa60450000 	C:\WINDOWS\System32\bcryptPrimitives.dll
0x00007ffa62140000 - 0x00007ffa6216e000 	C:\WINDOWS\System32\IMM32.DLL
0x00000000579f0000 - 0x0000000057ac2000 	C:\Program Files\Android\Android Studio\jre\jre\bin\msvcr100.dll
0x0000000057bb0000 - 0x00000000583f6000 	C:\Program Files\Android\Android Studio\jre\jre\bin\server\jvm.dll
0x00007ffa60450000 - 0x00007ffa60458000 	C:\WINDOWS\System32\PSAPI.DLL
0x00007ffa54080000 - 0x00007ffa54089000 	C:\WINDOWS\SYSTEM32\WSOCK32.dll
0x00007ffa61600000 - 0x00007ffa6166f000 	C:\WINDOWS\System32\WS2_32.dll
0x00007ffa5cd90000 - 0x00007ffa5cdb4000 	C:\WINDOWS\SYSTEM32\WINMM.dll
0x00007ffa579f0000 - 0x00007ffa579fa000 	C:\WINDOWS\SYSTEM32\VERSION.dll
0x00007ffa5cd60000 - 0x00007ffa5cd8d000 	C:\WINDOWS\SYSTEM32\WINMMBASE.dll
0x00007ffa5f480000 - 0x00007ffa5f4ca000 	C:\WINDOWS\System32\cfgmgr32.dll
0x00007ffa5a210000 - 0x00007ffa5a21f000 	C:\Program Files\Android\Android Studio\jre\jre\bin\verify.dll
0x00007ffa5a1e0000 - 0x00007ffa5a209000 	C:\Program Files\Android\Android Studio\jre\jre\bin\java.dll
0x00007ffa5a1c0000 - 0x00007ffa5a1d6000 	C:\Program Files\Android\Android Studio\jre\jre\bin\zip.dll
0x00007ffa619f0000 - 0x00007ffa620d5000 	C:\WINDOWS\System32\SHELL32.dll
0x00007ffa61890000 - 0x00007ffa61939000 	C:\WINDOWS\System32\shcore.dll
0x00007ffa5f6b0000 - 0x00007ffa5fe2f000 	C:\WINDOWS\System32\windows.storage.dll
0x00007ffa5f310000 - 0x00007ffa5f32f000 	C:\WINDOWS\System32\profapi.dll
0x00007ffa5f280000 - 0x00007ffa5f2ca000 	C:\WINDOWS\System32\powrprof.dll
0x00007ffa5f270000 - 0x00007ffa5f280000 	C:\WINDOWS\System32\UMPDC.dll
0x00007ffa620e0000 - 0x00007ffa62132000 	C:\WINDOWS\System32\shlwapi.dll
0x00007ffa5f2d0000 - 0x00007ffa5f2e1000 	C:\WINDOWS\System32\kernel.appcore.dll
0x00007ffa603b0000 - 0x00007ffa603c7000 	C:\WINDOWS\System32\cryptsp.dll
0x00007ffa5a1a0000 - 0x00007ffa5a1ba000 	C:\Program Files\Android\Android Studio\jre\jre\bin\net.dll
0x00007ffa5ea80000 - 0x00007ffa5eae7000 	C:\WINDOWS\system32\mswsock.dll
0x00007ffa5a180000 - 0x00007ffa5a191000 	C:\Program Files\Android\Android Studio\jre\jre\bin\nio.dll
0x00007ffa30860000 - 0x00007ffa30886000 	C:\Users\INTEL\.gradle\native\29\windows-amd64\native-platform.dll
0x00007ffa5a170000 - 0x00007ffa5a17d000 	C:\Program Files\Android\Android Studio\jre\jre\bin\management.dll
0x00007ffa5e5f0000 - 0x00007ffa5e623000 	C:\WINDOWS\system32\rsaenh.dll
0x00007ffa5fe30000 - 0x00007ffa5fe56000 	C:\WINDOWS\System32\bcrypt.dll
0x00007ffa5f160000 - 0x00007ffa5f185000 	C:\WINDOWS\SYSTEM32\USERENV.dll
0x00007ffa5ec50000 - 0x00007ffa5ec5c000 	C:\WINDOWS\SYSTEM32\CRYPTBASE.dll
0x00007ffa5e790000 - 0x00007ffa5e7ca000 	C:\WINDOWS\SYSTEM32\IPHLPAPI.DLL
0x00007ffa619e0000 - 0x00007ffa619e8000 	C:\WINDOWS\System32\NSI.dll
0x00007ffa578a0000 - 0x00007ffa578b6000 	C:\WINDOWS\SYSTEM32\dhcpcsvc6.DLL
0x00007ffa57880000 - 0x00007ffa5789c000 	C:\WINDOWS\SYSTEM32\dhcpcsvc.DLL
0x00007ffa5e7d0000 - 0x00007ffa5e89a000 	C:\WINDOWS\SYSTEM32\DNSAPI.dll
0x00007ffa0f9c0000 - 0x00007ffa0f9e4000 	C:\Program Files\Android\Android Studio\jre\jre\bin\sunec.dll
0x00007ffa566f0000 - 0x00007ffa566fa000 	C:\Windows\System32\rasadhlp.dll
0x00007ffa572b0000 - 0x00007ffa57327000 	C:\WINDOWS\System32\fwpuclnt.dll
0x00007ffa59b10000 - 0x00007ffa59b1b000 	C:\Program Files\Android\Android Studio\jre\jre\bin\sunmscapi.dll
0x00007ffa5f330000 - 0x00007ffa5f479000 	C:\WINDOWS\System32\CRYPT32.dll
0x00007ffa5f2f0000 - 0x00007ffa5f302000 	C:\WINDOWS\System32\MSASN1.dll
0x00007ffa59b40000 - 0x00007ffa59cdc000 	C:\Program Files\Android\Android Studio\jre\jre\bin\awt.dll
0x00007ffa61450000 - 0x00007ffa61514000 	C:\WINDOWS\System32\OLEAUT32.dll
0x00007ffa5d660000 - 0x00007ffa5d68d000 	C:\WINDOWS\SYSTEM32\dwmapi.dll
0x00007ffa5bb90000 - 0x00007ffa5c150000 	C:\WINDOWS\SYSTEM32\d2d1.dll
0x00007ffa5d140000 - 0x00007ffa5d1cf000 	C:\WINDOWS\SYSTEM32\apphelp.dll
0x00007ffa5d220000 - 0x00007ffa5d2b9000 	C:\WINDOWS\system32\uxtheme.dll
0x00007ffa5e2d0000 - 0x00007ffa5e301000 	C:\WINDOWS\SYSTEM32\ntmarta.dll

VM Arguments:
jvm_args: -Xmx1536m -Dfile.encoding=windows-1252 -Duser.country=US -Duser.language=en -Duser.variant 
java_command: org.gradle.launcher.daemon.bootstrap.GradleDaemon 5.4.1
java_class_path (initial): C:\Users\INTEL\.gradle\wrapper\dists\gradle-5.4.1-all\3221gyojl5jsh0helicew7rwx\gradle-5.4.1\lib\gradle-launcher-5.4.1.jar
Launcher Type: SUN_STANDARD

Environment Variables:
PATH=C:\Program Files (x86)\Common Files\Intel\Shared Files\cpp\bin\Intel64;C:\Windows\system32;C:\Windows;C:\Windows\System32\Wbem;C:\Windows\System32\WindowsPowerShell\v1.0\;C:\Program Files (x86)\NVIDIA Corporation\PhysX\Common;C:\WINDOWS\system32;C:\WINDOWS;C:\WINDOWS\System32\Wbem;C:\WINDOWS\System32\WindowsPowerShell\v1.0\;C:\WINDOWS\System32\OpenSSH\;C:\Users\INTEL\AppData\Local\Microsoft\WindowsApps;
USERNAME=INTEL
OS=Windows_NT
PROCESSOR_IDENTIFIER=Intel64 Family 6 Model 78 Stepping 3, GenuineIntel



---------------  S Y S T E M  ---------------

OS: Windows 10.0 , 64 bit Build 18362 (10.0.18362.329)

CPU:total 4 (initial active 4) (2 cores per cpu, 2 threads per core) family 6 model 78 stepping 3, cmov, cx8, fxsr, mmx, sse, sse2, sse3, ssse3, sse4.1, sse4.2, popcnt, avx, avx2, aes, clmul, erms, 3dnowpref, lzcnt, ht, tsc, tscinvbit, bmi1, bmi2, adx

Memory: 4k page, physical 4087928k(427032k free), swap 16670840k(2948k free)

vm_info: OpenJDK 64-Bit Server VM (25.202-b03) for windows-amd64 JRE (1.8.0_202-release-1483-b03), built by "builder" with MS VC++ 10.0 (VS2010)

time: Wed Dec 25 08:56:33 2019
timezone: Pacific Standard Time
elapsed time: 3646 seconds (0d 1h 0m 46s)

