#
# There is insufficient memory for the Java Runtime Environment to continue.
# Native memory allocation (malloc) failed to allocate 32744 bytes for ChunkPool::allocate
# Possible reasons:
#   The system is out of physical RAM or swap space
#   The process is running with CompressedOops enabled, and the Java Heap may be blocking the growth of the native heap
# Possible solutions:
#   Reduce memory load on the system
#   Increase physical memory or swap space
#   Check if swap backing store is full
#   Decrease Java heap size (-Xmx/-Xms)
#   Decrease number of Java threads
#   Decrease Java thread stack sizes (-Xss)
#   Set larger code cache with -XX:ReservedCodeCacheSize=
#   JVM is running with Unscaled Compressed Oops mode in which the Java heap is
#     placed in the first 4GB address space. The Java Heap base address is the
#     maximum limit for the native heap growth. Please use -XX:HeapBaseMinAddress
#     to set the Java Heap base and to place the Java Heap above 4GB virtual address.
# This output file may be truncated or incomplete.
#
#  Out of Memory Error (allocation.cpp:272), pid=1204, tid=0x0000000000002f08
#
# JRE version: OpenJDK Runtime Environment (8.0_202-b03) (build 1.8.0_202-release-1483-b03)
# Java VM: OpenJDK 64-Bit Server VM (25.202-b03 mixed mode windows-amd64 compressed oops)
# Failed to write core dump. Minidumps are not enabled by default on client versions of Windows
#

---------------  T H R E A D  ---------------

Current thread (0x000000001958d000):  JavaThread "Daemon worker" [_thread_in_vm, id=12040, stack(0x000000001aac0000,0x000000001abc0000)]

Stack: [0x000000001aac0000,0x000000001abc0000]
[error occurred during error reporting (printing stack bounds), id 0xc0000005]

Native frames: (J=compiled Java code, j=interpreted, Vv=VM code, C=native code)

Java frames: (J=compiled Java code, j=interpreted, Vv=VM code)
J 751  java.lang.ClassLoader.defineClass1(Ljava/lang/String;[BIILjava/security/ProtectionDomain;Ljava/lang/String;)Ljava/lang/Class; (0 bytes) @ 0x0000000002eb44df [0x0000000002eb4440+0x9f]
J 494 C1 java.lang.ClassLoader.defineClass(Ljava/lang/String;[BIILjava/security/ProtectionDomain;)Ljava/lang/Class; (43 bytes) @ 0x0000000002dd2fa4 [0x0000000002dd29c0+0x5e4]
J 427 C1 java.net.URLClassLoader.defineClass(Ljava/lang/String;Lsun/misc/Resource;)Ljava/lang/Class; (142 bytes) @ 0x0000000002da5ce4 [0x0000000002da4180+0x1b64]
J 325 C1 java.net.URLClassLoader$1.run()Ljava/lang/Class; (63 bytes) @ 0x0000000002d5d5ec [0x0000000002d5d320+0x2cc]
J 324 C1 java.net.URLClassLoader$1.run()Ljava/lang/Object; (5 bytes) @ 0x0000000002d5b24c [0x0000000002d5b1c0+0x8c]
v  ~StubRoutines::call_stub
J 276  java.security.AccessController.doPrivileged(Ljava/security/PrivilegedExceptionAction;Ljava/security/AccessControlContext;)Ljava/lang/Object; (0 bytes) @ 0x0000000002d402e6 [0x0000000002d40280+0x66]
J 1432 C2 java.net.URLClassLoader.findClass(Ljava/lang/String;)Ljava/lang/Class; (47 bytes) @ 0x0000000003081030 [0x0000000003080fa0+0x90]
j  org.gradle.internal.classloader.TransformingClassLoader.findClass(Ljava/lang/String;)Ljava/lang/Class;+10
J 1383 C2 java.lang.ClassLoader.loadClass(Ljava/lang/String;Z)Ljava/lang/Class; (122 bytes) @ 0x0000000003061504 [0x0000000003060500+0x1004]
J 311 C1 java.lang.ClassLoader.loadClass(Ljava/lang/String;)Ljava/lang/Class; (7 bytes) @ 0x0000000002d5998c [0x0000000002d59880+0x10c]
v  ~StubRoutines::call_stub
j  org.gradle.api.internal.artifacts.DependencyServices.registerBuildServices(Lorg/gradle/internal/service/ServiceRegistration;)V+1
j  org.gradle.internal.service.scopes.BuildScopeServices$1.execute(Lorg/gradle/internal/service/ServiceRegistration;)V+38
j  org.gradle.internal.service.scopes.BuildScopeServices$1.execute(Ljava/lang/Object;)V+5
j  org.gradle.internal.service.DefaultServiceRegistry.register(Lorg/gradle/api/Action;)V+9
j  org.gradle.internal.service.scopes.BuildScopeServices.<init>(Lorg/gradle/internal/service/ServiceRegistry;)V+34
j  org.gradle.initialization.DefaultGradleLauncherFactory.doNewInstance(Lorg/gradle/api/internal/BuildDefinition;Lorg/gradle/internal/build/BuildState;Lorg/gradle/initialization/GradleLauncher;Lorg/gradle/internal/service/scopes/BuildTreeScopeServices;Ljava/util/List;)Lorg/gradle/initialization/DefaultGradleLauncher;+6
j  org.gradle.initialization.DefaultGradleLauncherFactory.newInstance(Lorg/gradle/api/internal/BuildDefinition;Lorg/gradle/internal/build/RootBuildState;Lorg/gradle/internal/service/scopes/BuildTreeScopeServices;)Lorg/gradle/initialization/GradleLauncher;+33
j  org.gradle.composite.internal.DefaultRootBuildState.<init>(Lorg/gradle/api/internal/BuildDefinition;Lorg/gradle/initialization/GradleLauncherFactory;Lorg/gradle/internal/event/ListenerManager;Lorg/gradle/internal/service/scopes/BuildTreeScopeServices;)V+15
j  org.gradle.composite.internal.DefaultIncludedBuildRegistry.createRootBuild(Lorg/gradle/api/internal/BuildDefinition;)Lorg/gradle/internal/build/RootBuildState;+35
j  org.gradle.launcher.exec.InProcessBuildActionExecuter.execute(Lorg/gradle/internal/invocation/BuildAction;Lorg/gradle/initialization/BuildRequestContext;Lorg/gradle/launcher/exec/BuildActionParameters;Lorg/gradle/internal/service/ServiceRegistry;)Lorg/gradle/launcher/exec/BuildActionResult;+61
j  org.gradle.launcher.exec.InProcessBuildActionExecuter.execute(Lorg/gradle/internal/invocation/BuildAction;Lorg/gradle/initialization/BuildRequestContext;Ljava/lang/Object;Lorg/gradle/internal/service/ServiceRegistry;)Lorg/gradle/launcher/exec/BuildActionResult;+9
j  org.gradle.launcher.exec.BuildTreeScopeBuildActionExecuter.execute(Lorg/gradle/internal/invocation/BuildAction;Lorg/gradle/initialization/BuildRequestContext;Lorg/gradle/launcher/exec/BuildActionParameters;Lorg/gradle/internal/service/ServiceRegistry;)Lorg/gradle/launcher/exec/BuildActionResult;+38
j  org.gradle.launcher.exec.BuildTreeScopeBuildActionExecuter.execute(Lorg/gradle/internal/invocation/BuildAction;Lorg/gradle/initialization/BuildRequestContext;Ljava/lang/Object;Lorg/gradle/internal/service/ServiceRegistry;)Lorg/gradle/launcher/exec/BuildActionResult;+9
j  org.gradle.tooling.internal.provider.ContinuousBuildActionExecuter.execute(Lorg/gradle/internal/invocation/BuildAction;Lorg/gradle/initialization/BuildRequestContext;Lorg/gradle/launcher/exec/BuildActionParameters;Lorg/gradle/internal/service/ServiceRegistry;)Lorg/gradle/launcher/exec/BuildActionResult;+58
j  org.gradle.tooling.internal.provider.ContinuousBuildActionExecuter.execute(Lorg/gradle/internal/invocation/BuildAction;Lorg/gradle/initialization/BuildRequestContext;Ljava/lang/Object;Lorg/gradle/internal/service/ServiceRegistry;)Lorg/gradle/launcher/exec/BuildActionResult;+9
j  org.gradle.tooling.internal.provider.SubscribableBuildActionExecuter.execute(Lorg/gradle/internal/invocation/BuildAction;Lorg/gradle/initialization/BuildRequestContext;Lorg/gradle/launcher/exec/BuildActionParameters;Lorg/gradle/internal/service/ServiceRegistry;)Lorg/gradle/launcher/exec/BuildActionResult;+45
j  org.gradle.tooling.internal.provider.SubscribableBuildActionExecuter.execute(Lorg/gradle/internal/invocation/BuildAction;Lorg/gradle/initialization/BuildRequestContext;Ljava/lang/Object;Lorg/gradle/internal/service/ServiceRegistry;)Lorg/gradle/launcher/exec/BuildActionResult;+9
j  org.gradle.tooling.internal.provider.SessionScopeBuildActionExecuter.execute(Lorg/gradle/internal/invocation/BuildAction;Lorg/gradle/initialization/BuildRequestContext;Lorg/gradle/launcher/exec/BuildActionParameters;Lorg/gradle/internal/service/ServiceRegistry;)Lorg/gradle/launcher/exec/BuildActionResult;+117
j  org.gradle.tooling.internal.provider.SessionScopeBuildActionExecuter.execute(Lorg/gradle/internal/invocation/BuildAction;Lorg/gradle/initialization/BuildRequestContext;Ljava/lang/Object;Lorg/gradle/internal/service/ServiceRegistry;)Lorg/gradle/launcher/exec/BuildActionResult;+9
j  org.gradle.tooling.internal.provider.GradleThreadBuildActionExecuter.execute(Lorg/gradle/internal/invocation/BuildAction;Lorg/gradle/initialization/BuildRequestContext;Lorg/gradle/launcher/exec/BuildActionParameters;Lorg/gradle/internal/service/ServiceRegistry;)Lorg/gradle/launcher/exec/BuildActionResult;+12
j  org.gradle.tooling.internal.provider.GradleThreadBuildActionExecuter.execute(Lorg/gradle/internal/invocation/BuildAction;Lorg/gradle/initialization/BuildRequestContext;Ljava/lang/Object;Lorg/gradle/internal/service/ServiceRegistry;)Lorg/gradle/launcher/exec/BuildActionResult;+9
j  org.gradle.tooling.internal.provider.ParallelismConfigurationBuildActionExecuter.execute(Lorg/gradle/internal/invocation/BuildAction;Lorg/gradle/initialization/BuildRequestContext;Lorg/gradle/launcher/exec/BuildActionParameters;Lorg/gradle/internal/service/ServiceRegistry;)Lorg/gradle/launcher/exec/BuildActionResult;+43
j  org.gradle.tooling.internal.provider.ParallelismConfigurationBuildActionExecuter.execute(Lorg/gradle/internal/invocation/BuildAction;Lorg/gradle/initialization/BuildRequestContext;Ljava/lang/Object;Lorg/gradle/internal/service/ServiceRegistry;)Lorg/gradle/launcher/exec/BuildActionResult;+9
j  org.gradle.tooling.internal.provider.StartParamsValidatingActionExecuter.execute(Lorg/gradle/internal/invocation/BuildAction;Lorg/gradle/initialization/BuildRequestContext;Lorg/gradle/launcher/exec/BuildActionParameters;Lorg/gradle/internal/service/ServiceRegistry;)Lorg/gradle/launcher/exec/BuildActionResult;+177
j  org.gradle.tooling.internal.provider.StartParamsValidatingActionExecuter.execute(Lorg/gradle/internal/invocation/BuildAction;Lorg/gradle/initialization/BuildRequestContext;Ljava/lang/Object;Lorg/gradle/internal/service/ServiceRegistry;)Lorg/gradle/launcher/exec/BuildActionResult;+9
j  org.gradle.tooling.internal.provider.SessionFailureReportingActionExecuter.execute(Lorg/gradle/internal/invocation/BuildAction;Lorg/gradle/initialization/BuildRequestContext;Lorg/gradle/launcher/exec/BuildActionParameters;Lorg/gradle/internal/service/ServiceRegistry;)Lorg/gradle/launcher/exec/BuildActionResult;+9
j  org.gradle.tooling.internal.provider.SessionFailureReportingActionExecuter.execute(Lorg/gradle/internal/invocation/BuildAction;Lorg/gradle/initialization/BuildRequestContext;Ljava/lang/Object;Lorg/gradle/internal/service/ServiceRegistry;)Lorg/gradle/launcher/exec/BuildActionResult;+9
j  org.gradle.tooling.internal.provider.SetupLoggingActionExecuter.execute(Lorg/gradle/internal/invocation/BuildAction;Lorg/gradle/initialization/BuildRequestContext;Lorg/gradle/launcher/exec/BuildActionParameters;Lorg/gradle/internal/service/ServiceRegistry;)Lorg/gradle/launcher/exec/BuildActionResult;+52
j  org.gradle.tooling.internal.provider.SetupLoggingActionExecuter.execute(Lorg/gradle/internal/invocation/BuildAction;Lorg/gradle/initialization/BuildRequestContext;Ljava/lang/Object;Lorg/gradle/internal/service/ServiceRegistry;)Lorg/gradle/launcher/exec/BuildActionResult;+9
j  org.gradle.launcher.daemon.server.exec.ExecuteBuild.doBuild(Lorg/gradle/launcher/daemon/server/api/DaemonCommandExecution;Lorg/gradle/launcher/daemon/protocol/Build;)V+118
j  org.gradle.launcher.daemon.server.exec.BuildCommandOnly.execute(Lorg/gradle/launcher/daemon/server/api/DaemonCommandExecution;)V+49
j  org.gradle.launcher.daemon.server.api.DaemonCommandExecution.proceed()Z+28
j  org.gradle.launcher.daemon.server.exec.WatchForDisconnection.execute(Lorg/gradle/launcher/daemon/server/api/DaemonCommandExecution;)V+19
j  org.gradle.launcher.daemon.server.api.DaemonCommandExecution.proceed()Z+28
j  org.gradle.launcher.daemon.server.exec.ResetDeprecationLogger.execute(Lorg/gradle/launcher/daemon/server/api/DaemonCommandExecution;)V+4
j  org.gradle.launcher.daemon.server.api.DaemonCommandExecution.proceed()Z+28
j  org.gradle.launcher.daemon.server.exec.RequestStopIfSingleUsedDaemon.execute(Lorg/gradle/launcher/daemon/server/api/DaemonCommandExecution;)V+33
j  org.gradle.launcher.daemon.server.api.DaemonCommandExecution.proceed()Z+28
j  org.gradle.launcher.daemon.server.exec.ForwardClientInput$2.call()Ljava/lang/Void;+4
j  org.gradle.launcher.daemon.server.exec.ForwardClientInput$2.call()Ljava/lang/Object;+1
j  org.gradle.util.Swapper.swap(Ljava/lang/Object;Ljava/util/concurrent/Callable;)Ljava/lang/Object;+21
j  org.gradle.launcher.daemon.server.exec.ForwardClientInput.execute(Lorg/gradle/launcher/daemon/server/api/DaemonCommandExecution;)V+63
j  org.gradle.launcher.daemon.server.api.DaemonCommandExecution.proceed()Z+28
j  org.gradle.launcher.daemon.server.exec.LogAndCheckHealth.execute(Lorg/gradle/launcher/daemon/server/api/DaemonCommandExecution;)V+28
j  org.gradle.launcher.daemon.server.api.DaemonCommandExecution.proceed()Z+28
j  org.gradle.launcher.daemon.server.exec.LogToClient.doBuild(Lorg/gradle/launcher/daemon/server/api/DaemonCommandExecution;Lorg/gradle/launcher/daemon/protocol/Build;)V+87
j  org.gradle.launcher.daemon.server.exec.BuildCommandOnly.execute(Lorg/gradle/launcher/daemon/server/api/DaemonCommandExecution;)V+49
j  org.gradle.launcher.daemon.server.api.DaemonCommandExecution.proceed()Z+28
j  org.gradle.launcher.daemon.server.exec.EstablishBuildEnvironment.doBuild(Lorg/gradle/launcher/daemon/server/api/DaemonCommandExecution;Lorg/gradle/launcher/daemon/protocol/Build;)V+351
j  org.gradle.launcher.daemon.server.exec.BuildCommandOnly.execute(Lorg/gradle/launcher/daemon/server/api/DaemonCommandExecution;)V+49
j  org.gradle.launcher.daemon.server.api.DaemonCommandExecution.proceed()Z+28
j  org.gradle.launcher.daemon.server.exec.StartBuildOrRespondWithBusy$1.run()V+44
j  org.gradle.launcher.daemon.server.DaemonStateCoordinator$1.run()V+4
j  org.gradle.internal.concurrent.ExecutorPolicy$CatchAndRecordFailures.onExecute(Ljava/lang/Runnable;)V+1
j  org.gradle.internal.concurrent.ManagedExecutorImpl$1.run()V+25
j  java.util.concurrent.ThreadPoolExecutor.runWorker(Ljava/util/concurrent/ThreadPoolExecutor$Worker;)V+95
j  java.util.concurrent.ThreadPoolExecutor$Worker.run()V+5
j  org.gradle.internal.concurrent.ThreadFactoryImpl$ManagedThreadRunnable.run()V+7
j  java.lang.Thread.run()V+11
v  ~StubRoutines::call_stub

---------------  P R O C E S S  ---------------

Java Threads: ( => current thread )
  0x0000000019802800 JavaThread "Cache worker for journal cache (C:\Users\INTEL\.gradle\caches\journal-1)" [_thread_blocked, id=7116, stack(0x000000001b2c0000,0x000000001b3c0000)]
  0x00000000197ff800 JavaThread "File lock request listener" [_thread_in_native, id=6388, stack(0x000000001afc0000,0x000000001b0c0000)]
  0x0000000019803000 JavaThread "Cache worker for file hash cache (C:\Users\INTEL\.gradle\caches\5.4.1\fileHashes)" [_thread_blocked, id=5140, stack(0x000000001aec0000,0x000000001afc0000)]
  0x0000000019572800 JavaThread "Thread-9" [_thread_blocked, id=6440, stack(0x000000001adc0000,0x000000001aec0000)]
  0x0000000019572000 JavaThread "Stdin handler" [_thread_blocked, id=2624, stack(0x000000001acc0000,0x000000001adc0000)]
  0x0000000019547000 JavaThread "Asynchronous log dispatcher for DefaultDaemonConnection: socket connection from /127.0.0.1:50202 to /127.0.0.1:50203" [_thread_blocked, id=10136, stack(0x000000001abc0000,0x000000001acc0000)]
=>0x000000001958d000 JavaThread "Daemon worker" [_thread_in_vm, id=12040, stack(0x000000001aac0000,0x000000001abc0000)]
  0x0000000019588800 JavaThread "Cancel handler" [_thread_blocked, id=10640, stack(0x000000001a9c0000,0x000000001aac0000)]
  0x0000000018f9f000 JavaThread "Handler for socket connection from /127.0.0.1:50202 to /127.0.0.1:50203" [_thread_in_native, id=3948, stack(0x000000001a6c0000,0x000000001a7c0000)]
  0x0000000018e69800 JavaThread "Daemon periodic checks" [_thread_blocked, id=8084, stack(0x000000001a5c0000,0x000000001a6c0000)]
  0x0000000018f9c000 JavaThread "Daemon" [_thread_blocked, id=8644, stack(0x000000001a4c0000,0x000000001a5c0000)]
  0x00000000185b3000 JavaThread "Incoming local TCP Connector on port 50202" [_thread_in_native, id=8792, stack(0x000000001a280000,0x000000001a380000)]
  0x000000001947d800 JavaThread "Daemon health stats" [_thread_blocked, id=8044, stack(0x0000000019c40000,0x0000000019d40000)]
  0x0000000017e95000 JavaThread "Service Thread" daemon [_thread_blocked, id=9056, stack(0x0000000018270000,0x0000000018370000)]
  0x0000000016512800 JavaThread "C1 CompilerThread2" daemon [_thread_blocked, id=3116, stack(0x0000000017d70000,0x0000000017e70000)]
  0x000000001650e000 JavaThread "C2 CompilerThread1" daemon [_thread_blocked, id=1908, stack(0x0000000017c70000,0x0000000017d70000)]
  0x0000000016519000 JavaThread "C2 CompilerThread0" daemon [_thread_in_native, id=11164, stack(0x0000000017b70000,0x0000000017c70000)]
  0x0000000016518000 JavaThread "Attach Listener" daemon [_thread_blocked, id=11500, stack(0x0000000017a70000,0x0000000017b70000)]
  0x0000000016516800 JavaThread "Signal Dispatcher" daemon [_thread_blocked, id=2804, stack(0x0000000017970000,0x0000000017a70000)]
  0x0000000002b9c800 JavaThread "Finalizer" daemon [_thread_blocked, id=11724, stack(0x0000000017770000,0x0000000017870000)]
  0x00000000164f9000 JavaThread "Reference Handler" daemon [_thread_blocked, id=7508, stack(0x0000000017670000,0x0000000017770000)]
  0x0000000000c2d800 JavaThread "main" [_thread_blocked, id=8712, stack(0x00000000029a0000,0x0000000002aa0000)]

Other Threads:
  0x00000000164d6000 VMThread [stack: 0x0000000017570000,0x0000000017670000] [id=2868]
  0x000000001656e800 WatcherThread [stack: 0x0000000018370000,0x0000000018470000] [id=8952]

VM state:not at safepoint (normal execution)

VM Mutex/Monitor currently owned by a thread: None

heap address: 0x00000000a0000000, size: 1536 MB, Compressed Oops mode: 32-bit
Narrow klass base: 0x0000000000000000, Narrow klass shift: 3
Compressed class space size: 1073741824 Address: 0x0000000100000000

Heap:
 PSYoungGen      total 18944K, used 11475K [0x00000000e0000000, 0x00000000e1500000, 0x0000000100000000)
  eden space 16384K, 54% used [0x00000000e0000000,0x00000000e08bcbf0,0x00000000e1000000)
  from space 2560K, 98% used [0x00000000e1280000,0x00000000e14f8020,0x00000000e1500000)
  to   space 2560K, 0% used [0x00000000e1000000,0x00000000e1000000,0x00000000e1280000)
 ParOldGen       total 44032K, used 6008K [0x00000000a0000000, 0x00000000a2b00000, 0x00000000e0000000)
  object space 44032K, 13% used [0x00000000a0000000,0x00000000a05de1c0,0x00000000a2b00000)
 Metaspace       used 14223K, capacity 14578K, committed 14720K, reserved 1062912K
  class space    used 1985K, capacity 2095K, committed 2176K, reserved 1048576K

Card table byte_map: [0x0000000011f60000,0x0000000012270000] byte_map_base: 0x0000000011a60000

Marking Bits: (ParMarkBitMap*) 0x0000000058379f30
 Begin Bits: [0x0000000012870000, 0x0000000014070000)
 End Bits:   [0x0000000014070000, 0x0000000015870000)

Polling page: 0x0000000000bf0000

CodeCache: size=245760Kb used=5008Kb max_used=5013Kb free=240751Kb
 bounds [0x0000000002ba0000, 0x0000000003090000, 0x0000000011ba0000]
 total_blobs=1824 nmethods=1442 adapters=295
 compilation: enabled

Compilation events (10 events):
Event: 3.588 Thread 0x000000001650e000 1435       4       java.lang.CharacterDataLatin1::isWhitespace (23 bytes)
Event: 3.589 Thread 0x000000001650e000 nmethod 1435 0x0000000003081390 code [0x00000000030814c0, 0x0000000003081558]
Event: 3.590 Thread 0x000000001650e000 1440       4       sun.misc.ASCIICaseInsensitiveComparator::compare (126 bytes)
Event: 3.596 Thread 0x000000001650e000 nmethod 1440 0x0000000003087f90 code [0x00000000030880e0, 0x0000000003088398]
Event: 3.597 Thread 0x0000000016512800 1442       3       java.lang.invoke.MethodTypeForm::canonicalizeAll (66 bytes)
Event: 3.598 Thread 0x0000000016512800 nmethod 1442 0x00000000030837d0 code [0x0000000003083980, 0x0000000003083fb8]
Event: 3.598 Thread 0x0000000016512800 1441       3       java.lang.invoke.MethodType::checkRtype (6 bytes)
Event: 3.598 Thread 0x0000000016512800 nmethod 1441 0x00000000030832d0 code [0x0000000003083440, 0x00000000030836c8]
Event: 3.598 Thread 0x0000000016512800 1443       3       java.lang.invoke.MethodType$ConcurrentWeakInternSet$WeakEntry::<init> (15 bytes)
Event: 3.599 Thread 0x0000000016512800 nmethod 1443 0x0000000003087890 code [0x0000000003087a20, 0x0000000003087e08]

GC Heap History (10 events):
Event: 1.196 GC heap before
{Heap before GC invocations=2 (full 0):
 PSYoungGen      total 18944K, used 18934K [0x00000000e0000000, 0x00000000e1500000, 0x0000000100000000)
  eden space 16384K, 100% used [0x00000000e0000000,0x00000000e1000000,0x00000000e1000000)
  from space 2560K, 99% used [0x00000000e1000000,0x00000000e127d948,0x00000000e1280000)
  to   space 2560K, 0% used [0x00000000e1280000,0x00000000e1280000,0x00000000e1500000)
 ParOldGen       total 44032K, used 179K [0x00000000a0000000, 0x00000000a2b00000, 0x00000000e0000000)
  object space 44032K, 0% used [0x00000000a0000000,0x00000000a002cd38,0x00000000a2b00000)
 Metaspace       used 6651K, capacity 6848K, committed 7040K, reserved 1056768K
  class space    used 811K, capacity 844K, committed 896K, reserved 1048576K
Event: 1.201 GC heap after
Heap after GC invocations=2 (full 0):
 PSYoungGen      total 18944K, used 2533K [0x00000000e0000000, 0x00000000e1500000, 0x0000000100000000)
  eden space 16384K, 0% used [0x00000000e0000000,0x00000000e0000000,0x00000000e1000000)
  from space 2560K, 98% used [0x00000000e1280000,0x00000000e14f94f8,0x00000000e1500000)
  to   space 2560K, 0% used [0x00000000e1000000,0x00000000e1000000,0x00000000e1280000)
 ParOldGen       total 44032K, used 441K [0x00000000a0000000, 0x00000000a2b00000, 0x00000000e0000000)
  object space 44032K, 1% used [0x00000000a0000000,0x00000000a006e638,0x00000000a2b00000)
 Metaspace       used 6651K, capacity 6848K, committed 7040K, reserved 1056768K
  class space    used 811K, capacity 844K, committed 896K, reserved 1048576K
}
Event: 1.466 GC heap before
{Heap before GC invocations=3 (full 0):
 PSYoungGen      total 18944K, used 18917K [0x00000000e0000000, 0x00000000e1500000, 0x0000000100000000)
  eden space 16384K, 100% used [0x00000000e0000000,0x00000000e1000000,0x00000000e1000000)
  from space 2560K, 98% used [0x00000000e1280000,0x00000000e14f94f8,0x00000000e1500000)
  to   space 2560K, 0% used [0x00000000e1000000,0x00000000e1000000,0x00000000e1280000)
 ParOldGen       total 44032K, used 441K [0x00000000a0000000, 0x00000000a2b00000, 0x00000000e0000000)
  object space 44032K, 1% used [0x00000000a0000000,0x00000000a006e638,0x00000000a2b00000)
 Metaspace       used 6847K, capacity 7128K, committed 7424K, reserved 1056768K
  class space    used 841K, capacity 916K, committed 1024K, reserved 1048576K
Event: 1.470 GC heap after
Heap after GC invocations=3 (full 0):
 PSYoungGen      total 18944K, used 2544K [0x00000000e0000000, 0x00000000e1500000, 0x0000000100000000)
  eden space 16384K, 0% used [0x00000000e0000000,0x00000000e0000000,0x00000000e1000000)
  from space 2560K, 99% used [0x00000000e1000000,0x00000000e127c010,0x00000000e1280000)
  to   space 2560K, 0% used [0x00000000e1280000,0x00000000e1280000,0x00000000e1500000)
 ParOldGen       total 44032K, used 669K [0x00000000a0000000, 0x00000000a2b00000, 0x00000000e0000000)
  object space 44032K, 1% used [0x00000000a0000000,0x00000000a00a7798,0x00000000a2b00000)
 Metaspace       used 6847K, capacity 7128K, committed 7424K, reserved 1056768K
  class space    used 841K, capacity 916K, committed 1024K, reserved 1048576K
}
Event: 1.751 GC heap before
{Heap before GC invocations=4 (full 0):
 PSYoungGen      total 18944K, used 18928K [0x00000000e0000000, 0x00000000e1500000, 0x0000000100000000)
  eden space 16384K, 100% used [0x00000000e0000000,0x00000000e1000000,0x00000000e1000000)
  from space 2560K, 99% used [0x00000000e1000000,0x00000000e127c010,0x00000000e1280000)
  to   space 2560K, 0% used [0x00000000e1280000,0x00000000e1280000,0x00000000e1500000)
 ParOldGen       total 44032K, used 669K [0x00000000a0000000, 0x00000000a2b00000, 0x00000000e0000000)
  object space 44032K, 1% used [0x00000000a0000000,0x00000000a00a7798,0x00000000a2b00000)
 Metaspace       used 8913K, capacity 9168K, committed 9216K, reserved 1056768K
  class space    used 1163K, capacity 1248K, committed 1280K, reserved 1048576K
Event: 1.758 GC heap after
Heap after GC invocations=4 (full 0):
 PSYoungGen      total 18944K, used 2544K [0x00000000e0000000, 0x00000000e1500000, 0x0000000100000000)
  eden space 16384K, 0% used [0x00000000e0000000,0x00000000e0000000,0x00000000e1000000)
  from space 2560K, 99% used [0x00000000e1280000,0x00000000e14fc010,0x00000000e1500000)
  to   space 2560K, 0% used [0x00000000e1000000,0x00000000e1000000,0x00000000e1280000)
 ParOldGen       total 44032K, used 2040K [0x00000000a0000000, 0x00000000a2b00000, 0x00000000e0000000)
  object space 44032K, 4% used [0x00000000a0000000,0x00000000a01fe110,0x00000000a2b00000)
 Metaspace       used 8913K, capacity 9168K, committed 9216K, reserved 1056768K
  class space    used 1163K, capacity 1248K, committed 1280K, reserved 1048576K
}
Event: 3.255 GC heap before
{Heap before GC invocations=5 (full 0):
 PSYoungGen      total 18944K, used 18928K [0x00000000e0000000, 0x00000000e1500000, 0x0000000100000000)
  eden space 16384K, 100% used [0x00000000e0000000,0x00000000e1000000,0x00000000e1000000)
  from space 2560K, 99% used [0x00000000e1280000,0x00000000e14fc010,0x00000000e1500000)
  to   space 2560K, 0% used [0x00000000e1000000,0x00000000e1000000,0x00000000e1280000)
 ParOldGen       total 44032K, used 2040K [0x00000000a0000000, 0x00000000a2b00000, 0x00000000e0000000)
  object space 44032K, 4% used [0x00000000a0000000,0x00000000a01fe110,0x00000000a2b00000)
 Metaspace       used 12207K, capacity 12522K, committed 12544K, reserved 1060864K
  class space    used 1641K, capacity 1771K, committed 1792K, reserved 1048576K
Event: 3.263 GC heap after
Heap after GC invocations=5 (full 0):
 PSYoungGen      total 18944K, used 2560K [0x00000000e0000000, 0x00000000e1500000, 0x0000000100000000)
  eden space 16384K, 0% used [0x00000000e0000000,0x00000000e0000000,0x00000000e1000000)
  from space 2560K, 100% used [0x00000000e1000000,0x00000000e1280000,0x00000000e1280000)
  to   space 2560K, 0% used [0x00000000e1280000,0x00000000e1280000,0x00000000e1500000)
 ParOldGen       total 44032K, used 4336K [0x00000000a0000000, 0x00000000a2b00000, 0x00000000e0000000)
  object space 44032K, 9% used [0x00000000a0000000,0x00000000a043c3a8,0x00000000a2b00000)
 Metaspace       used 12207K, capacity 12522K, committed 12544K, reserved 1060864K
  class space    used 1641K, capacity 1771K, committed 1792K, reserved 1048576K
}
Event: 3.460 GC heap before
{Heap before GC invocations=6 (full 0):
 PSYoungGen      total 18944K, used 18944K [0x00000000e0000000, 0x00000000e1500000, 0x0000000100000000)
  eden space 16384K, 100% used [0x00000000e0000000,0x00000000e1000000,0x00000000e1000000)
  from space 2560K, 100% used [0x00000000e1000000,0x00000000e1280000,0x00000000e1280000)
  to   space 2560K, 0% used [0x00000000e1280000,0x00000000e1280000,0x00000000e1500000)
 ParOldGen       total 44032K, used 4336K [0x00000000a0000000, 0x00000000a2b00000, 0x00000000e0000000)
  object space 44032K, 9% used [0x00000000a0000000,0x00000000a043c3a8,0x00000000a2b00000)
 Metaspace       used 13386K, capacity 13776K, committed 14080K, reserved 1060864K
  class space    used 1849K, capacity 1998K, committed 2048K, reserved 1048576K
Event: 3.465 GC heap after
Heap after GC invocations=6 (full 0):
 PSYoungGen      total 18944K, used 2528K [0x00000000e0000000, 0x00000000e1500000, 0x0000000100000000)
  eden space 16384K, 0% used [0x00000000e0000000,0x00000000e0000000,0x00000000e1000000)
  from space 2560K, 98% used [0x00000000e1280000,0x00000000e14f8020,0x00000000e1500000)
  to   space 2560K, 0% used [0x00000000e1000000,0x00000000e1000000,0x00000000e1280000)
 ParOldGen       total 44032K, used 6008K [0x00000000a0000000, 0x00000000a2b00000, 0x00000000e0000000)
  object space 44032K, 13% used [0x00000000a0000000,0x00000000a05de1c0,0x00000000a2b00000)
 Metaspace       used 13386K, capacity 13776K, committed 14080K, reserved 1060864K
  class space    used 1849K, capacity 1998K, committed 2048K, reserved 1048576K
}

Deoptimization events (10 events):
Event: 2.265 Thread 0x0000000000c2d800 Uncommon trap: reason=unstable_if action=reinterpret pc=0x0000000002efac30 method=java.io.WinNTFileSystem.normalize(Ljava/lang/String;II)Ljava/lang/String; @ 90
Event: 3.085 Thread 0x0000000018f9f000 Uncommon trap: reason=unstable_if action=reinterpret pc=0x0000000002f530f0 method=java.util.concurrent.ConcurrentHashMap.putVal(Ljava/lang/Object;Ljava/lang/Object;Z)Ljava/lang/Object; @ 206
Event: 3.187 Thread 0x000000001958d000 Uncommon trap: reason=bimorphic action=maybe_recompile pc=0x0000000002e4e9bc method=java.util.HashMap.putVal(ILjava/lang/Object;Ljava/lang/Object;ZZ)Ljava/lang/Object; @ 253
Event: 3.187 Thread 0x000000001958d000 Uncommon trap: reason=bimorphic action=maybe_recompile pc=0x0000000002e4e9bc method=java.util.HashMap.putVal(ILjava/lang/Object;Ljava/lang/Object;ZZ)Ljava/lang/Object; @ 253
Event: 3.187 Thread 0x000000001958d000 Uncommon trap: reason=bimorphic action=maybe_recompile pc=0x0000000002e4e9bc method=java.util.HashMap.putVal(ILjava/lang/Object;Ljava/lang/Object;ZZ)Ljava/lang/Object; @ 253
Event: 3.187 Thread 0x000000001958d000 Uncommon trap: reason=bimorphic action=maybe_recompile pc=0x0000000002e3e724 method=java.util.HashMap.putVal(ILjava/lang/Object;Ljava/lang/Object;ZZ)Ljava/lang/Object; @ 253
Event: 3.453 Thread 0x000000001958d000 Uncommon trap: reason=class_check action=maybe_recompile pc=0x0000000002e6ca98 method=java.util.regex.Matcher.match(II)Z @ 86
Event: 3.475 Thread 0x000000001958d000 Uncommon trap: reason=class_check action=maybe_recompile pc=0x0000000002e6ca98 method=java.util.regex.Matcher.match(II)Z @ 86
Event: 3.476 Thread 0x000000001958d000 Uncommon trap: reason=class_check action=maybe_recompile pc=0x0000000002e6ca98 method=java.util.regex.Matcher.match(II)Z @ 86
Event: 3.476 Thread 0x000000001958d000 Uncommon trap: reason=class_check action=maybe_recompile pc=0x0000000002e32ddc method=java.util.regex.Matcher.match(II)Z @ 86

Classes redefined (0 events):
No events

Internal exceptions (10 events):
Event: 3.092 Thread 0x0000000018f9f000 Exception <a 'java/lang/NoSuchMethodError': <clinit>> (0x00000000e09bc450) thrown at [D:\src\AOSP-openjdk-cygwin\jdk8u\hotspot\src\share\vm\prims\jni.cpp, line 1614]
Event: 3.097 Thread 0x0000000018f9f000 Exception <a 'java/lang/NoSuchMethodError': <clinit>> (0x00000000e09cf620) thrown at [D:\src\AOSP-openjdk-cygwin\jdk8u\hotspot\src\share\vm\prims\jni.cpp, line 1614]
Event: 3.102 Thread 0x0000000018f9f000 Exception <a 'java/lang/NoSuchMethodError': <clinit>> (0x00000000e09f69e0) thrown at [D:\src\AOSP-openjdk-cygwin\jdk8u\hotspot\src\share\vm\prims\jni.cpp, line 1614]
Event: 3.106 Thread 0x0000000018f9f000 Exception <a 'java/lang/NoSuchMethodError': <clinit>> (0x00000000e0a0ea28) thrown at [D:\src\AOSP-openjdk-cygwin\jdk8u\hotspot\src\share\vm\prims\jni.cpp, line 1614]
Event: 3.107 Thread 0x0000000018f9f000 Exception <a 'java/lang/NoSuchMethodError': <clinit>> (0x00000000e0a176b8) thrown at [D:\src\AOSP-openjdk-cygwin\jdk8u\hotspot\src\share\vm\prims\jni.cpp, line 1614]
Event: 3.110 Thread 0x0000000018f9f000 Exception <a 'java/lang/NoSuchMethodError': <clinit>> (0x00000000e0a2dcc8) thrown at [D:\src\AOSP-openjdk-cygwin\jdk8u\hotspot\src\share\vm\prims\jni.cpp, line 1614]
Event: 3.123 Thread 0x0000000018f9f000 Exception <a 'java/lang/NoSuchMethodError': <clinit>> (0x00000000e0a8b4c8) thrown at [D:\src\AOSP-openjdk-cygwin\jdk8u\hotspot\src\share\vm\prims\jni.cpp, line 1614]
Event: 3.128 Thread 0x0000000018f9f000 Exception <a 'java/lang/NoSuchMethodError': <clinit>> (0x00000000e0ab8240) thrown at [D:\src\AOSP-openjdk-cygwin\jdk8u\hotspot\src\share\vm\prims\jni.cpp, line 1614]
Event: 3.135 Thread 0x0000000018f9f000 Exception <a 'java/lang/NoSuchMethodError': <clinit>> (0x00000000e0ae61d0) thrown at [D:\src\AOSP-openjdk-cygwin\jdk8u\hotspot\src\share\vm\prims\jni.cpp, line 1614]
Event: 3.136 Thread 0x0000000018f9f000 Exception <a 'java/lang/NoSuchMethodError': <clinit>> (0x00000000e0af1618) thrown at [D:\src\AOSP-openjdk-cygwin\jdk8u\hotspot\src\share\vm\prims\jni.cpp, line 1614]

Events (10 events):
Event: 3.608 loading class org/gradle/api/internal/artifacts/component/ComponentIdentifierFactory
Event: 3.608 loading class org/gradle/api/internal/artifacts/component/ComponentIdentifierFactory done
Event: 3.609 loading class org/gradle/api/internal/artifacts/ivyservice/ivyresolve/RepositoryBlacklister
Event: 3.609 loading class org/gradle/api/internal/artifacts/ivyservice/ivyresolve/RepositoryBlacklister done
Event: 3.609 loading class org/gradle/api/internal/artifacts/ivyservice/projectmodule/LocalComponentRegistry
Event: 3.609 loading class org/gradle/api/internal/artifacts/ivyservice/projectmodule/LocalComponentRegistry done
Event: 3.610 loading class org/gradle/api/internal/artifacts/mvnsettings/MavenFileLocations
Event: 3.610 loading class org/gradle/api/internal/artifacts/mvnsettings/MavenFileLocations done
Event: 3.610 loading class org/gradle/api/internal/artifacts/mvnsettings/MavenSettingsProvider
Event: 3.610 loading class org/gradle/api/internal/artifacts/mvnsettings/MavenSettingsProvider done


Dynamic libraries:
0x00007ff6b78f0000 - 0x00007ff6b7921000 	C:\Program Files\Android\Android Studio\jre\bin\java.exe
0x00007ffa623a0000 - 0x00007ffa62590000 	C:\WINDOWS\SYSTEM32\ntdll.dll
0x00007ffa62170000 - 0x00007ffa62222000 	C:\WINDOWS\System32\KERNEL32.DLL
0x00007ffa5fe60000 - 0x00007ffa60103000 	C:\WINDOWS\System32\KERNELBASE.dll
0x00007ffa60eb0000 - 0x00007ffa60f53000 	C:\WINDOWS\System32\ADVAPI32.dll
0x00007ffa613b0000 - 0x00007ffa6144e000 	C:\WINDOWS\System32\msvcrt.dll
0x00007ffa61940000 - 0x00007ffa619d7000 	C:\WINDOWS\System32\sechost.dll
0x00007ffa608d0000 - 0x00007ffa609f0000 	C:\WINDOWS\System32\RPCRT4.dll
0x00007ffa616f0000 - 0x00007ffa61884000 	C:\WINDOWS\System32\USER32.dll
0x00007ffa5f680000 - 0x00007ffa5f6a1000 	C:\WINDOWS\System32\win32u.dll
0x00007ffa60db0000 - 0x00007ffa60dd6000 	C:\WINDOWS\System32\GDI32.dll
0x00007ffa60210000 - 0x00007ffa603a4000 	C:\WINDOWS\System32\gdi32full.dll
0x00007ffa60170000 - 0x00007ffa6020e000 	C:\WINDOWS\System32\msvcp_win.dll
0x00007ffa5f4d0000 - 0x00007ffa5f5ca000 	C:\WINDOWS\System32\ucrtbase.dll
0x00007ffa55790000 - 0x00007ffa55a15000 	C:\WINDOWS\WinSxS\amd64_microsoft.windows.common-controls_6595b64144ccf1df_6.0.18362.535_none_e6c3b34713100821\COMCTL32.dll
0x00007ffa609f0000 - 0x00007ffa60d26000 	C:\WINDOWS\System32\combase.dll
0x00007ffa603d0000 - 0x00007ffa60450000 	C:\WINDOWS\System32\bcryptPrimitives.dll
0x00007ffa62140000 - 0x00007ffa6216e000 	C:\WINDOWS\System32\IMM32.DLL
0x00000000579f0000 - 0x0000000057ac2000 	C:\Program Files\Android\Android Studio\jre\jre\bin\msvcr100.dll
0x0000000057bb0000 - 0x00000000583f6000 	C:\Program Files\Android\Android Studio\jre\jre\bin\server\jvm.dll
0x00007ffa60450000 - 0x00007ffa60458000 	C:\WINDOWS\System32\PSAPI.DLL
0x00007ffa54080000 - 0x00007ffa54089000 	C:\WINDOWS\SYSTEM32\WSOCK32.dll
0x00007ffa579f0000 - 0x00007ffa579fa000 	C:\WINDOWS\SYSTEM32\VERSION.dll
0x00007ffa5cd90000 - 0x00007ffa5cdb4000 	C:\WINDOWS\SYSTEM32\WINMM.dll
0x00007ffa61600000 - 0x00007ffa6166f000 	C:\WINDOWS\System32\WS2_32.dll
0x00007ffa5cd60000 - 0x00007ffa5cd8d000 	C:\WINDOWS\SYSTEM32\winmmbase.dll
0x00007ffa5f480000 - 0x00007ffa5f4ca000 	C:\WINDOWS\System32\cfgmgr32.dll
0x00007ffa5a210000 - 0x00007ffa5a21f000 	C:\Program Files\Android\Android Studio\jre\jre\bin\verify.dll
0x00007ffa5a1e0000 - 0x00007ffa5a209000 	C:\Program Files\Android\Android Studio\jre\jre\bin\java.dll
0x00007ffa5a1c0000 - 0x00007ffa5a1d6000 	C:\Program Files\Android\Android Studio\jre\jre\bin\zip.dll
0x00007ffa619f0000 - 0x00007ffa620d5000 	C:\WINDOWS\System32\SHELL32.dll
0x00007ffa61890000 - 0x00007ffa61939000 	C:\WINDOWS\System32\shcore.dll
0x00007ffa5f6b0000 - 0x00007ffa5fe2f000 	C:\WINDOWS\System32\windows.storage.dll
0x00007ffa5f310000 - 0x00007ffa5f32f000 	C:\WINDOWS\System32\profapi.dll
0x00007ffa5f280000 - 0x00007ffa5f2ca000 	C:\WINDOWS\System32\powrprof.dll
0x00007ffa5f270000 - 0x00007ffa5f280000 	C:\WINDOWS\System32\UMPDC.dll
0x00007ffa620e0000 - 0x00007ffa62132000 	C:\WINDOWS\System32\shlwapi.dll
0x00007ffa5f2d0000 - 0x00007ffa5f2e1000 	C:\WINDOWS\System32\kernel.appcore.dll
0x00007ffa603b0000 - 0x00007ffa603c7000 	C:\WINDOWS\System32\cryptsp.dll
0x00007ffa5a1a0000 - 0x00007ffa5a1ba000 	C:\Program Files\Android\Android Studio\jre\jre\bin\net.dll
0x00007ffa5ea80000 - 0x00007ffa5eae7000 	C:\WINDOWS\system32\mswsock.dll
0x00007ffa5a180000 - 0x00007ffa5a191000 	C:\Program Files\Android\Android Studio\jre\jre\bin\nio.dll
0x00007ffa30860000 - 0x00007ffa30886000 	C:\Users\INTEL\.gradle\native\29\windows-amd64\native-platform.dll
0x00007ffa5a170000 - 0x00007ffa5a17d000 	C:\Program Files\Android\Android Studio\jre\jre\bin\management.dll
0x00007ffa5e5f0000 - 0x00007ffa5e623000 	C:\WINDOWS\system32\rsaenh.dll
0x00007ffa5fe30000 - 0x00007ffa5fe56000 	C:\WINDOWS\System32\bcrypt.dll
0x00007ffa5f160000 - 0x00007ffa5f185000 	C:\WINDOWS\SYSTEM32\USERENV.dll
0x00007ffa5ec50000 - 0x00007ffa5ec5c000 	C:\WINDOWS\SYSTEM32\CRYPTBASE.dll
0x00007ffa5e790000 - 0x00007ffa5e7ca000 	C:\WINDOWS\SYSTEM32\IPHLPAPI.DLL
0x00007ffa619e0000 - 0x00007ffa619e8000 	C:\WINDOWS\System32\NSI.dll
0x00007ffa578a0000 - 0x00007ffa578b6000 	C:\WINDOWS\SYSTEM32\dhcpcsvc6.DLL
0x00007ffa57880000 - 0x00007ffa5789c000 	C:\WINDOWS\SYSTEM32\dhcpcsvc.DLL
0x00007ffa5e7d0000 - 0x00007ffa5e89a000 	C:\WINDOWS\SYSTEM32\DNSAPI.dll

VM Arguments:
jvm_args: -Xmx1536m -Dfile.encoding=windows-1252 -Duser.country=US -Duser.language=en -Duser.variant 
java_command: org.gradle.launcher.daemon.bootstrap.GradleDaemon 5.4.1
java_class_path (initial): C:\Users\INTEL\.gradle\wrapper\dists\gradle-5.4.1-all\3221gyojl5jsh0helicew7rwx\gradle-5.4.1\lib\gradle-launcher-5.4.1.jar
Launcher Type: SUN_STANDARD

Environment Variables:
PATH=C:\Program Files (x86)\Common Files\Intel\Shared Files\cpp\bin\Intel64;C:\Windows\system32;C:\Windows;C:\Windows\System32\Wbem;C:\Windows\System32\WindowsPowerShell\v1.0\;C:\Program Files (x86)\NVIDIA Corporation\PhysX\Common;C:\WINDOWS\system32;C:\WINDOWS;C:\WINDOWS\System32\Wbem;C:\WINDOWS\System32\WindowsPowerShell\v1.0\;C:\WINDOWS\System32\OpenSSH\;C:\Users\INTEL\AppData\Local\Microsoft\WindowsApps;
USERNAME=INTEL
OS=Windows_NT
PROCESSOR_IDENTIFIER=Intel64 Family 6 Model 78 Stepping 3, GenuineIntel



---------------  S Y S T E M  ---------------

OS: Windows 10.0 , 64 bit Build 18362 (10.0.18362.329)

CPU:total 4 (initial active 4) (2 cores per cpu, 2 threads per core) family 6 model 78 stepping 3, cmov, cx8, fxsr, mmx, sse, sse2, sse3, ssse3, sse4.1, sse4.2, popcnt, avx, avx2, aes, clmul, erms, 3dnowpref, lzcnt, ht, tsc, tscinvbit, bmi1, bmi2, adx

Memory: 4k page, physical 4087928k(605972k free), swap 16670840k(2776k free)

vm_info: OpenJDK 64-Bit Server VM (25.202-b03) for windows-amd64 JRE (1.8.0_202-release-1483-b03), built by "builder" with MS VC++ 10.0 (VS2010)

time: Wed Dec 25 09:01:36 2019
timezone: Pacific Standard Time
elapsed time: 3 seconds (0d 0h 0m 3s)

