#
# There is insufficient memory for the Java Runtime Environment to continue.
# Native memory allocation (malloc) failed to allocate 724048 bytes for Chunk::new
# Possible reasons:
#   The system is out of physical RAM or swap space
#   The process is running with CompressedOops enabled, and the Java Heap may be blocking the growth of the native heap
# Possible solutions:
#   Reduce memory load on the system
#   Increase physical memory or swap space
#   Check if swap backing store is full
#   Decrease Java heap size (-Xmx/-Xms)
#   Decrease number of Java threads
#   Decrease Java thread stack sizes (-Xss)
#   Set larger code cache with -XX:ReservedCodeCacheSize=
#   JVM is running with Unscaled Compressed Oops mode in which the Java heap is
#     placed in the first 4GB address space. The Java Heap base address is the
#     maximum limit for the native heap growth. Please use -XX:HeapBaseMinAddress
#     to set the Java Heap base and to place the Java Heap above 4GB virtual address.
# This output file may be truncated or incomplete.
#
#  Out of Memory Error (allocation.cpp:389), pid=6984, tid=0x0000000000002fec
#
# JRE version: OpenJDK Runtime Environment (8.0_202-b03) (build 1.8.0_202-release-1483-b03)
# Java VM: OpenJDK 64-Bit Server VM (25.202-b03 mixed mode windows-amd64 compressed oops)
# Failed to write core dump. Minidumps are not enabled by default on client versions of Windows
#

---------------  T H R E A D  ---------------

Current thread (0x0000000016418800):  JavaThread "C2 CompilerThread0" daemon [_thread_in_native, id=12268, stack(0x0000000017a80000,0x0000000017b80000)]

Stack: [0x0000000017a80000,0x0000000017b80000]
[error occurred during error reporting (printing stack bounds), id 0xc0000005]

Native frames: (J=compiled Java code, j=interpreted, Vv=VM code, C=native code)


Current CompileTask:
C2:   4246 1482   !   4       java.net.URLClassLoader$1::run (63 bytes)


---------------  P R O C E S S  ---------------

Java Threads: ( => current thread )
  0x00000000196e9000 JavaThread "Cache worker for journal cache (C:\Users\INTEL\.gradle\caches\journal-1)" [_thread_blocked, id=2620, stack(0x000000001b1d0000,0x000000001b2d0000)]
  0x00000000196ed000 JavaThread "File lock request listener" [_thread_in_native, id=220, stack(0x000000001aed0000,0x000000001afd0000)]
  0x00000000196e8800 JavaThread "Cache worker for file hash cache (C:\Users\INTEL\.gradle\caches\5.4.1\fileHashes)" [_thread_blocked, id=5424, stack(0x000000001add0000,0x000000001aed0000)]
  0x00000000195c9000 JavaThread "Thread-9" [_thread_blocked, id=6508, stack(0x000000001acd0000,0x000000001add0000)]
  0x00000000195c7800 JavaThread "Stdin handler" [_thread_blocked, id=7188, stack(0x000000001abd0000,0x000000001acd0000)]
  0x00000000195af800 JavaThread "Asynchronous log dispatcher for DefaultDaemonConnection: socket connection from /127.0.0.1:50189 to /127.0.0.1:50190" [_thread_blocked, id=7072, stack(0x000000001aad0000,0x000000001abd0000)]
  0x00000000195c6800 JavaThread "Daemon worker" [_thread_in_Java, id=8576, stack(0x000000001a9d0000,0x000000001aad0000)]
  0x00000000195a9000 JavaThread "Cancel handler" [_thread_blocked, id=8972, stack(0x000000001a8d0000,0x000000001a9d0000)]
  0x0000000019553000 JavaThread "Handler for socket connection from /127.0.0.1:50189 to /127.0.0.1:50190" [_thread_in_native, id=9340, stack(0x000000001a5d0000,0x000000001a6d0000)]
  0x0000000019433000 JavaThread "Daemon" [_thread_blocked, id=3240, stack(0x000000001a4d0000,0x000000001a5d0000)]
  0x0000000019432800 JavaThread "Daemon periodic checks" [_thread_blocked, id=8368, stack(0x000000001a3d0000,0x000000001a4d0000)]
  0x000000001961a000 JavaThread "Incoming local TCP Connector on port 50189" [_thread_in_native, id=11800, stack(0x000000001a190000,0x000000001a290000)]
  0x0000000018d9f000 JavaThread "Daemon health stats" [_thread_blocked, id=3244, stack(0x0000000019b50000,0x0000000019c50000)]
  0x0000000017da8800 JavaThread "Service Thread" daemon [_thread_blocked, id=7896, stack(0x0000000018180000,0x0000000018280000)]
  0x0000000016419000 JavaThread "C1 CompilerThread2" daemon [_thread_blocked, id=12052, stack(0x0000000017c80000,0x0000000017d80000)]
  0x0000000016410800 JavaThread "C2 CompilerThread1" daemon [_thread_in_native, id=6264, stack(0x0000000017b80000,0x0000000017c80000)]
=>0x0000000016418800 JavaThread "C2 CompilerThread0" daemon [_thread_in_native, id=12268, stack(0x0000000017a80000,0x0000000017b80000)]
  0x0000000016417000 JavaThread "Attach Listener" daemon [_thread_blocked, id=12144, stack(0x0000000017980000,0x0000000017a80000)]
  0x0000000016415800 JavaThread "Signal Dispatcher" daemon [_thread_blocked, id=8116, stack(0x0000000017880000,0x0000000017980000)]
  0x0000000002a9b000 JavaThread "Finalizer" daemon [_thread_blocked, id=10480, stack(0x0000000017670000,0x0000000017770000)]
  0x00000000163f9000 JavaThread "Reference Handler" daemon [_thread_blocked, id=7076, stack(0x0000000017570000,0x0000000017670000)]
  0x000000000289d800 JavaThread "main" [_thread_blocked, id=10580, stack(0x00000000028a0000,0x00000000029a0000)]

Other Threads:
  0x00000000163d6800 VMThread [stack: 0x0000000017470000,0x0000000017570000] [id=1544]
  0x000000001646d800 WatcherThread [stack: 0x0000000018280000,0x0000000018380000] [id=8316]

VM state:not at safepoint (normal execution)

VM Mutex/Monitor currently owned by a thread: None

heap address: 0x00000000a0000000, size: 1536 MB, Compressed Oops mode: 32-bit
Narrow klass base: 0x0000000000000000, Narrow klass shift: 3
Compressed class space size: 1073741824 Address: 0x0000000100000000

Heap:
 PSYoungGen      total 35328K, used 3445K [0x00000000e0000000, 0x00000000e2500000, 0x0000000100000000)
  eden space 32768K, 2% used [0x00000000e0000000,0x00000000e00e5440,0x00000000e2000000)
  from space 2560K, 98% used [0x00000000e2280000,0x00000000e24f8020,0x00000000e2500000)
  to   space 2560K, 0% used [0x00000000e2000000,0x00000000e2000000,0x00000000e2280000)
 ParOldGen       total 44032K, used 9832K [0x00000000a0000000, 0x00000000a2b00000, 0x00000000e0000000)
  object space 44032K, 22% used [0x00000000a0000000,0x00000000a099a340,0x00000000a2b00000)
 Metaspace       used 16171K, capacity 16544K, committed 16896K, reserved 1062912K
  class space    used 2300K, capacity 2456K, committed 2560K, reserved 1048576K

Card table byte_map: [0x0000000011e60000,0x0000000012170000] byte_map_base: 0x0000000011960000

Marking Bits: (ParMarkBitMap*) 0x0000000058379f30
 Begin Bits: [0x0000000012770000, 0x0000000013f70000)
 End Bits:   [0x0000000013f70000, 0x0000000015770000)

Polling page: 0x0000000000c80000

CodeCache: size=245760Kb used=5296Kb max_used=5296Kb free=240463Kb
 bounds [0x0000000002aa0000, 0x0000000002fd0000, 0x0000000011aa0000]
 total_blobs=1941 nmethods=1550 adapters=304
 compilation: enabled

Compilation events (10 events):
Event: 4.204 Thread 0x0000000016419000 1552       3       java.lang.Class::forName (53 bytes)
Event: 4.205 Thread 0x0000000016419000 nmethod 1552 0x0000000002fcbb90 code [0x0000000002fcbd40, 0x0000000002fcc3e8]
Event: 4.205 Thread 0x0000000016419000 1553       3       sun.misc.ProxyGenerator$ConstantPool::getMethodRef (33 bytes)
Event: 4.206 Thread 0x0000000016419000 nmethod 1553 0x0000000002fcc610 code [0x0000000002fcc8a0, 0x0000000002fcd648]
Event: 4.206 Thread 0x0000000016419000 1554       3       sun.misc.ProxyGenerator::access$900 (5 bytes)
Event: 4.207 Thread 0x0000000016419000 nmethod 1554 0x0000000002fce150 code [0x0000000002fce2c0, 0x0000000002fce528]
Event: 4.207 Thread 0x0000000016419000 1555       1       com.google.common.collect.RegularImmutableList::size (5 bytes)
Event: 4.207 Thread 0x0000000016419000 nmethod 1555 0x0000000002fce610 code [0x0000000002fce760, 0x0000000002fce870]
Event: 4.240 Thread 0x0000000016419000 1556       3       java.lang.StringBuilder::append (10 bytes)
Event: 4.241 Thread 0x0000000016419000 nmethod 1556 0x0000000002fced50 code [0x0000000002fceec0, 0x0000000002fcf048]

GC Heap History (10 events):
Event: 1.441 GC heap before
{Heap before GC invocations=2 (full 0):
 PSYoungGen      total 18944K, used 18912K [0x00000000e0000000, 0x00000000e1500000, 0x0000000100000000)
  eden space 16384K, 100% used [0x00000000e0000000,0x00000000e1000000,0x00000000e1000000)
  from space 2560K, 98% used [0x00000000e1000000,0x00000000e1278090,0x00000000e1280000)
  to   space 2560K, 0% used [0x00000000e1280000,0x00000000e1280000,0x00000000e1500000)
 ParOldGen       total 44032K, used 204K [0x00000000a0000000, 0x00000000a2b00000, 0x00000000e0000000)
  object space 44032K, 0% used [0x00000000a0000000,0x00000000a0033338,0x00000000a2b00000)
 Metaspace       used 6645K, capacity 6848K, committed 7040K, reserved 1056768K
  class space    used 811K, capacity 844K, committed 896K, reserved 1048576K
Event: 1.445 GC heap after
Heap after GC invocations=2 (full 0):
 PSYoungGen      total 18944K, used 2529K [0x00000000e0000000, 0x00000000e1500000, 0x0000000100000000)
  eden space 16384K, 0% used [0x00000000e0000000,0x00000000e0000000,0x00000000e1000000)
  from space 2560K, 98% used [0x00000000e1280000,0x00000000e14f86d8,0x00000000e1500000)
  to   space 2560K, 0% used [0x00000000e1000000,0x00000000e1000000,0x00000000e1280000)
 ParOldGen       total 44032K, used 500K [0x00000000a0000000, 0x00000000a2b00000, 0x00000000e0000000)
  object space 44032K, 1% used [0x00000000a0000000,0x00000000a007d370,0x00000000a2b00000)
 Metaspace       used 6645K, capacity 6848K, committed 7040K, reserved 1056768K
  class space    used 811K, capacity 844K, committed 896K, reserved 1048576K
}
Event: 1.710 GC heap before
{Heap before GC invocations=3 (full 0):
 PSYoungGen      total 18944K, used 18913K [0x00000000e0000000, 0x00000000e1500000, 0x0000000100000000)
  eden space 16384K, 100% used [0x00000000e0000000,0x00000000e1000000,0x00000000e1000000)
  from space 2560K, 98% used [0x00000000e1280000,0x00000000e14f86d8,0x00000000e1500000)
  to   space 2560K, 0% used [0x00000000e1000000,0x00000000e1000000,0x00000000e1280000)
 ParOldGen       total 44032K, used 500K [0x00000000a0000000, 0x00000000a2b00000, 0x00000000e0000000)
  object space 44032K, 1% used [0x00000000a0000000,0x00000000a007d370,0x00000000a2b00000)
 Metaspace       used 6845K, capacity 7128K, committed 7424K, reserved 1056768K
  class space    used 841K, capacity 916K, committed 1024K, reserved 1048576K
Event: 1.715 GC heap after
Heap after GC invocations=3 (full 0):
 PSYoungGen      total 18944K, used 2544K [0x00000000e0000000, 0x00000000e2500000, 0x0000000100000000)
  eden space 16384K, 0% used [0x00000000e0000000,0x00000000e0000000,0x00000000e1000000)
  from space 2560K, 99% used [0x00000000e1000000,0x00000000e127c030,0x00000000e1280000)
  to   space 2560K, 0% used [0x00000000e2280000,0x00000000e2280000,0x00000000e2500000)
 ParOldGen       total 44032K, used 779K [0x00000000a0000000, 0x00000000a2b00000, 0x00000000e0000000)
  object space 44032K, 1% used [0x00000000a0000000,0x00000000a00c2fe0,0x00000000a2b00000)
 Metaspace       used 6845K, capacity 7128K, committed 7424K, reserved 1056768K
  class space    used 841K, capacity 916K, committed 1024K, reserved 1048576K
}
Event: 1.990 GC heap before
{Heap before GC invocations=4 (full 0):
 PSYoungGen      total 18944K, used 18928K [0x00000000e0000000, 0x00000000e2500000, 0x0000000100000000)
  eden space 16384K, 100% used [0x00000000e0000000,0x00000000e1000000,0x00000000e1000000)
  from space 2560K, 99% used [0x00000000e1000000,0x00000000e127c030,0x00000000e1280000)
  to   space 2560K, 0% used [0x00000000e2280000,0x00000000e2280000,0x00000000e2500000)
 ParOldGen       total 44032K, used 779K [0x00000000a0000000, 0x00000000a2b00000, 0x00000000e0000000)
  object space 44032K, 1% used [0x00000000a0000000,0x00000000a00c2fe0,0x00000000a2b00000)
 Metaspace       used 8938K, capacity 9170K, committed 9216K, reserved 1056768K
  class space    used 1165K, capacity 1249K, committed 1280K, reserved 1048576K
Event: 1.996 GC heap after
Heap after GC invocations=4 (full 0):
 PSYoungGen      total 35328K, used 2528K [0x00000000e0000000, 0x00000000e2500000, 0x0000000100000000)
  eden space 32768K, 0% used [0x00000000e0000000,0x00000000e0000000,0x00000000e2000000)
  from space 2560K, 98% used [0x00000000e2280000,0x00000000e24f8020,0x00000000e2500000)
  to   space 2560K, 0% used [0x00000000e2000000,0x00000000e2000000,0x00000000e2280000)
 ParOldGen       total 44032K, used 2164K [0x00000000a0000000, 0x00000000a2b00000, 0x00000000e0000000)
  object space 44032K, 4% used [0x00000000a0000000,0x00000000a021d058,0x00000000a2b00000)
 Metaspace       used 8938K, capacity 9170K, committed 9216K, reserved 1056768K
  class space    used 1165K, capacity 1249K, committed 1280K, reserved 1048576K
}
Event: 3.627 GC heap before
{Heap before GC invocations=5 (full 0):
 PSYoungGen      total 35328K, used 35296K [0x00000000e0000000, 0x00000000e2500000, 0x0000000100000000)
  eden space 32768K, 100% used [0x00000000e0000000,0x00000000e2000000,0x00000000e2000000)
  from space 2560K, 98% used [0x00000000e2280000,0x00000000e24f8020,0x00000000e2500000)
  to   space 2560K, 0% used [0x00000000e2000000,0x00000000e2000000,0x00000000e2280000)
 ParOldGen       total 44032K, used 2164K [0x00000000a0000000, 0x00000000a2b00000, 0x00000000e0000000)
  object space 44032K, 4% used [0x00000000a0000000,0x00000000a021d058,0x00000000a2b00000)
 Metaspace       used 13314K, capacity 13680K, committed 13824K, reserved 1060864K
  class space    used 1836K, capacity 1966K, committed 2048K, reserved 1048576K
Event: 3.637 GC heap after
Heap after GC invocations=5 (full 0):
 PSYoungGen      total 35328K, used 2528K [0x00000000e0000000, 0x00000000e2500000, 0x0000000100000000)
  eden space 32768K, 0% used [0x00000000e0000000,0x00000000e0000000,0x00000000e2000000)
  from space 2560K, 98% used [0x00000000e2000000,0x00000000e2278020,0x00000000e2280000)
  to   space 2560K, 0% used [0x00000000e2280000,0x00000000e2280000,0x00000000e2500000)
 ParOldGen       total 44032K, used 5959K [0x00000000a0000000, 0x00000000a2b00000, 0x00000000e0000000)
  object space 44032K, 13% used [0x00000000a0000000,0x00000000a05d1f18,0x00000000a2b00000)
 Metaspace       used 13314K, capacity 13680K, committed 13824K, reserved 1060864K
  class space    used 1836K, capacity 1966K, committed 2048K, reserved 1048576K
}
Event: 4.223 GC heap before
{Heap before GC invocations=6 (full 0):
 PSYoungGen      total 35328K, used 35296K [0x00000000e0000000, 0x00000000e2500000, 0x0000000100000000)
  eden space 32768K, 100% used [0x00000000e0000000,0x00000000e2000000,0x00000000e2000000)
  from space 2560K, 98% used [0x00000000e2000000,0x00000000e2278020,0x00000000e2280000)
  to   space 2560K, 0% used [0x00000000e2280000,0x00000000e2280000,0x00000000e2500000)
 ParOldGen       total 44032K, used 5959K [0x00000000a0000000, 0x00000000a2b00000, 0x00000000e0000000)
  object space 44032K, 13% used [0x00000000a0000000,0x00000000a05d1f18,0x00000000a2b00000)
 Metaspace       used 16073K, capacity 16480K, committed 16640K, reserved 1062912K
  class space    used 2289K, capacity 2456K, committed 2560K, reserved 1048576K
Event: 4.236 GC heap after
Heap after GC invocations=6 (full 0):
 PSYoungGen      total 35328K, used 2528K [0x00000000e0000000, 0x00000000e2500000, 0x0000000100000000)
  eden space 32768K, 0% used [0x00000000e0000000,0x00000000e0000000,0x00000000e2000000)
  from space 2560K, 98% used [0x00000000e2280000,0x00000000e24f8020,0x00000000e2500000)
  to   space 2560K, 0% used [0x00000000e2000000,0x00000000e2000000,0x00000000e2280000)
 ParOldGen       total 44032K, used 9832K [0x00000000a0000000, 0x00000000a2b00000, 0x00000000e0000000)
  object space 44032K, 22% used [0x00000000a0000000,0x00000000a099a340,0x00000000a2b00000)
 Metaspace       used 16073K, capacity 16480K, committed 16640K, reserved 1062912K
  class space    used 2289K, capacity 2456K, committed 2560K, reserved 1048576K
}

Deoptimization events (10 events):
Event: 3.275 Thread 0x0000000019553000 Uncommon trap: reason=unstable_if action=reinterpret pc=0x0000000002e60770 method=java.util.concurrent.ConcurrentHashMap.putVal(Ljava/lang/Object;Ljava/lang/Object;Z)Ljava/lang/Object; @ 206
Event: 3.378 Thread 0x00000000195c6800 Uncommon trap: reason=bimorphic action=maybe_recompile pc=0x0000000002d60a08 method=java.util.HashMap.putVal(ILjava/lang/Object;Ljava/lang/Object;ZZ)Ljava/lang/Object; @ 253
Event: 3.378 Thread 0x00000000195c6800 Uncommon trap: reason=bimorphic action=maybe_recompile pc=0x0000000002d60a08 method=java.util.HashMap.putVal(ILjava/lang/Object;Ljava/lang/Object;ZZ)Ljava/lang/Object; @ 253
Event: 3.378 Thread 0x00000000195c6800 Uncommon trap: reason=bimorphic action=maybe_recompile pc=0x0000000002d60a08 method=java.util.HashMap.putVal(ILjava/lang/Object;Ljava/lang/Object;ZZ)Ljava/lang/Object; @ 253
Event: 3.378 Thread 0x00000000195c6800 Uncommon trap: reason=bimorphic action=maybe_recompile pc=0x0000000002d5bcf0 method=java.util.HashMap.putVal(ILjava/lang/Object;Ljava/lang/Object;ZZ)Ljava/lang/Object; @ 253
Event: 3.640 Thread 0x00000000195c6800 Uncommon trap: reason=class_check action=maybe_recompile pc=0x0000000002d7f518 method=java.util.regex.Matcher.match(II)Z @ 86
Event: 3.656 Thread 0x00000000195c6800 Uncommon trap: reason=class_check action=maybe_recompile pc=0x0000000002d7f518 method=java.util.regex.Matcher.match(II)Z @ 86
Event: 3.657 Thread 0x00000000195c6800 Uncommon trap: reason=class_check action=maybe_recompile pc=0x0000000002d7f518 method=java.util.regex.Matcher.match(II)Z @ 86
Event: 3.657 Thread 0x00000000195c6800 Uncommon trap: reason=class_check action=maybe_recompile pc=0x0000000002d3659c method=java.util.regex.Matcher.match(II)Z @ 86
Event: 4.007 Thread 0x00000000195c6800 Uncommon trap: reason=unstable_if action=reinterpret pc=0x0000000002e56b74 method=java.lang.String.lastIndexOf([CII[CIII)I @ 66

Classes redefined (0 events):
No events

Internal exceptions (10 events):
Event: 3.279 Thread 0x0000000019553000 Exception <a 'java/lang/NoSuchMethodError': <clinit>> (0x00000000e0a5a9d8) thrown at [D:\src\AOSP-openjdk-cygwin\jdk8u\hotspot\src\share\vm\prims\jni.cpp, line 1614]
Event: 3.285 Thread 0x0000000019553000 Exception <a 'java/lang/NoSuchMethodError': <clinit>> (0x00000000e0a6dbb0) thrown at [D:\src\AOSP-openjdk-cygwin\jdk8u\hotspot\src\share\vm\prims\jni.cpp, line 1614]
Event: 3.290 Thread 0x0000000019553000 Exception <a 'java/lang/NoSuchMethodError': <clinit>> (0x00000000e0a94fa0) thrown at [D:\src\AOSP-openjdk-cygwin\jdk8u\hotspot\src\share\vm\prims\jni.cpp, line 1614]
Event: 3.293 Thread 0x0000000019553000 Exception <a 'java/lang/NoSuchMethodError': <clinit>> (0x00000000e0aacfe8) thrown at [D:\src\AOSP-openjdk-cygwin\jdk8u\hotspot\src\share\vm\prims\jni.cpp, line 1614]
Event: 3.294 Thread 0x0000000019553000 Exception <a 'java/lang/NoSuchMethodError': <clinit>> (0x00000000e0ab5c78) thrown at [D:\src\AOSP-openjdk-cygwin\jdk8u\hotspot\src\share\vm\prims\jni.cpp, line 1614]
Event: 3.297 Thread 0x0000000019553000 Exception <a 'java/lang/NoSuchMethodError': <clinit>> (0x00000000e0acc5b8) thrown at [D:\src\AOSP-openjdk-cygwin\jdk8u\hotspot\src\share\vm\prims\jni.cpp, line 1614]
Event: 3.313 Thread 0x0000000019553000 Exception <a 'java/lang/NoSuchMethodError': <clinit>> (0x00000000e0b29d68) thrown at [D:\src\AOSP-openjdk-cygwin\jdk8u\hotspot\src\share\vm\prims\jni.cpp, line 1614]
Event: 3.319 Thread 0x0000000019553000 Exception <a 'java/lang/NoSuchMethodError': <clinit>> (0x00000000e0b56ae8) thrown at [D:\src\AOSP-openjdk-cygwin\jdk8u\hotspot\src\share\vm\prims\jni.cpp, line 1614]
Event: 3.326 Thread 0x0000000019553000 Exception <a 'java/lang/NoSuchMethodError': <clinit>> (0x00000000e0b84cc8) thrown at [D:\src\AOSP-openjdk-cygwin\jdk8u\hotspot\src\share\vm\prims\jni.cpp, line 1614]
Event: 3.327 Thread 0x0000000019553000 Exception <a 'java/lang/NoSuchMethodError': <clinit>> (0x00000000e0b900d0) thrown at [D:\src\AOSP-openjdk-cygwin\jdk8u\hotspot\src\share\vm\prims\jni.cpp, line 1614]

Events (10 events):
Event: 4.239 loading class org/gradle/api/file/RegularFileProperty
Event: 4.239 loading class org/gradle/api/file/RegularFileProperty done
Event: 4.239 loading class org/gradle/api/file/DirectoryProperty
Event: 4.239 loading class org/gradle/api/file/DirectoryProperty done
Event: 4.239 loading class org/gradle/api/provider/ListProperty
Event: 4.240 loading class org/gradle/api/provider/ListProperty done
Event: 4.240 loading class org/gradle/api/provider/SetProperty
Event: 4.240 loading class org/gradle/api/provider/SetProperty done
Event: 4.240 loading class org/gradle/model/internal/asm/AsmClassGenerator
Event: 4.240 loading class org/gradle/model/internal/asm/AsmClassGenerator done


Dynamic libraries:
0x00007ff6b78f0000 - 0x00007ff6b7921000 	C:\Program Files\Android\Android Studio\jre\bin\java.exe
0x00007ffa623a0000 - 0x00007ffa62590000 	C:\WINDOWS\SYSTEM32\ntdll.dll
0x00007ffa62170000 - 0x00007ffa62222000 	C:\WINDOWS\System32\KERNEL32.DLL
0x00007ffa5fe60000 - 0x00007ffa60103000 	C:\WINDOWS\System32\KERNELBASE.dll
0x00007ffa60eb0000 - 0x00007ffa60f53000 	C:\WINDOWS\System32\ADVAPI32.dll
0x00007ffa613b0000 - 0x00007ffa6144e000 	C:\WINDOWS\System32\msvcrt.dll
0x00007ffa61940000 - 0x00007ffa619d7000 	C:\WINDOWS\System32\sechost.dll
0x00007ffa608d0000 - 0x00007ffa609f0000 	C:\WINDOWS\System32\RPCRT4.dll
0x00007ffa616f0000 - 0x00007ffa61884000 	C:\WINDOWS\System32\USER32.dll
0x00007ffa5f680000 - 0x00007ffa5f6a1000 	C:\WINDOWS\System32\win32u.dll
0x00007ffa60db0000 - 0x00007ffa60dd6000 	C:\WINDOWS\System32\GDI32.dll
0x00007ffa60210000 - 0x00007ffa603a4000 	C:\WINDOWS\System32\gdi32full.dll
0x00007ffa60170000 - 0x00007ffa6020e000 	C:\WINDOWS\System32\msvcp_win.dll
0x00007ffa5f4d0000 - 0x00007ffa5f5ca000 	C:\WINDOWS\System32\ucrtbase.dll
0x00007ffa55790000 - 0x00007ffa55a15000 	C:\WINDOWS\WinSxS\amd64_microsoft.windows.common-controls_6595b64144ccf1df_6.0.18362.535_none_e6c3b34713100821\COMCTL32.dll
0x00007ffa609f0000 - 0x00007ffa60d26000 	C:\WINDOWS\System32\combase.dll
0x00007ffa603d0000 - 0x00007ffa60450000 	C:\WINDOWS\System32\bcryptPrimitives.dll
0x00007ffa62140000 - 0x00007ffa6216e000 	C:\WINDOWS\System32\IMM32.DLL
0x00000000579f0000 - 0x0000000057ac2000 	C:\Program Files\Android\Android Studio\jre\jre\bin\msvcr100.dll
0x0000000057bb0000 - 0x00000000583f6000 	C:\Program Files\Android\Android Studio\jre\jre\bin\server\jvm.dll
0x00007ffa60450000 - 0x00007ffa60458000 	C:\WINDOWS\System32\PSAPI.DLL
0x00007ffa54080000 - 0x00007ffa54089000 	C:\WINDOWS\SYSTEM32\WSOCK32.dll
0x00007ffa5cd90000 - 0x00007ffa5cdb4000 	C:\WINDOWS\SYSTEM32\WINMM.dll
0x00007ffa61600000 - 0x00007ffa6166f000 	C:\WINDOWS\System32\WS2_32.dll
0x00007ffa5cd60000 - 0x00007ffa5cd8d000 	C:\WINDOWS\SYSTEM32\winmmbase.dll
0x00007ffa579f0000 - 0x00007ffa579fa000 	C:\WINDOWS\SYSTEM32\VERSION.dll
0x00007ffa5f480000 - 0x00007ffa5f4ca000 	C:\WINDOWS\System32\cfgmgr32.dll
0x00007ffa5a210000 - 0x00007ffa5a21f000 	C:\Program Files\Android\Android Studio\jre\jre\bin\verify.dll
0x00007ffa5a1e0000 - 0x00007ffa5a209000 	C:\Program Files\Android\Android Studio\jre\jre\bin\java.dll
0x00007ffa5a1c0000 - 0x00007ffa5a1d6000 	C:\Program Files\Android\Android Studio\jre\jre\bin\zip.dll
0x00007ffa619f0000 - 0x00007ffa620d5000 	C:\WINDOWS\System32\SHELL32.dll
0x00007ffa61890000 - 0x00007ffa61939000 	C:\WINDOWS\System32\shcore.dll
0x00007ffa5f6b0000 - 0x00007ffa5fe2f000 	C:\WINDOWS\System32\windows.storage.dll
0x00007ffa5f310000 - 0x00007ffa5f32f000 	C:\WINDOWS\System32\profapi.dll
0x00007ffa5f280000 - 0x00007ffa5f2ca000 	C:\WINDOWS\System32\powrprof.dll
0x00007ffa5f270000 - 0x00007ffa5f280000 	C:\WINDOWS\System32\UMPDC.dll
0x00007ffa620e0000 - 0x00007ffa62132000 	C:\WINDOWS\System32\shlwapi.dll
0x00007ffa5f2d0000 - 0x00007ffa5f2e1000 	C:\WINDOWS\System32\kernel.appcore.dll
0x00007ffa603b0000 - 0x00007ffa603c7000 	C:\WINDOWS\System32\cryptsp.dll
0x00007ffa5a1a0000 - 0x00007ffa5a1ba000 	C:\Program Files\Android\Android Studio\jre\jre\bin\net.dll
0x00007ffa5ea80000 - 0x00007ffa5eae7000 	C:\WINDOWS\system32\mswsock.dll
0x00007ffa5a180000 - 0x00007ffa5a191000 	C:\Program Files\Android\Android Studio\jre\jre\bin\nio.dll
0x00007ffa30860000 - 0x00007ffa30886000 	C:\Users\INTEL\.gradle\native\29\windows-amd64\native-platform.dll
0x00007ffa5a170000 - 0x00007ffa5a17d000 	C:\Program Files\Android\Android Studio\jre\jre\bin\management.dll
0x00007ffa5e5f0000 - 0x00007ffa5e623000 	C:\WINDOWS\system32\rsaenh.dll
0x00007ffa5fe30000 - 0x00007ffa5fe56000 	C:\WINDOWS\System32\bcrypt.dll
0x00007ffa5f160000 - 0x00007ffa5f185000 	C:\WINDOWS\SYSTEM32\USERENV.dll
0x00007ffa5ec50000 - 0x00007ffa5ec5c000 	C:\WINDOWS\SYSTEM32\CRYPTBASE.dll
0x00007ffa5e790000 - 0x00007ffa5e7ca000 	C:\WINDOWS\SYSTEM32\IPHLPAPI.DLL
0x00007ffa619e0000 - 0x00007ffa619e8000 	C:\WINDOWS\System32\NSI.dll
0x00007ffa578a0000 - 0x00007ffa578b6000 	C:\WINDOWS\SYSTEM32\dhcpcsvc6.DLL
0x00007ffa57880000 - 0x00007ffa5789c000 	C:\WINDOWS\SYSTEM32\dhcpcsvc.DLL
0x00007ffa5e7d0000 - 0x00007ffa5e89a000 	C:\WINDOWS\SYSTEM32\DNSAPI.dll

VM Arguments:
jvm_args: -Xmx1536m -Dfile.encoding=windows-1252 -Duser.country=US -Duser.language=en -Duser.variant 
java_command: org.gradle.launcher.daemon.bootstrap.GradleDaemon 5.4.1
java_class_path (initial): C:\Users\INTEL\.gradle\wrapper\dists\gradle-5.4.1-all\3221gyojl5jsh0helicew7rwx\gradle-5.4.1\lib\gradle-launcher-5.4.1.jar
Launcher Type: SUN_STANDARD

Environment Variables:
PATH=C:\Program Files (x86)\Common Files\Intel\Shared Files\cpp\bin\Intel64;C:\Windows\system32;C:\Windows;C:\Windows\System32\Wbem;C:\Windows\System32\WindowsPowerShell\v1.0\;C:\Program Files (x86)\NVIDIA Corporation\PhysX\Common;C:\WINDOWS\system32;C:\WINDOWS;C:\WINDOWS\System32\Wbem;C:\WINDOWS\System32\WindowsPowerShell\v1.0\;C:\WINDOWS\System32\OpenSSH\;C:\Users\INTEL\AppData\Local\Microsoft\WindowsApps;
USERNAME=INTEL
OS=Windows_NT
PROCESSOR_IDENTIFIER=Intel64 Family 6 Model 78 Stepping 3, GenuineIntel



---------------  S Y S T E M  ---------------

OS: Windows 10.0 , 64 bit Build 18362 (10.0.18362.329)

CPU:total 4 (initial active 4) (2 cores per cpu, 2 threads per core) family 6 model 78 stepping 3, cmov, cx8, fxsr, mmx, sse, sse2, sse3, ssse3, sse4.1, sse4.2, popcnt, avx, avx2, aes, clmul, erms, 3dnowpref, lzcnt, ht, tsc, tscinvbit, bmi1, bmi2, adx

Memory: 4k page, physical 4087928k(666156k free), swap 16670840k(5132k free)

vm_info: OpenJDK 64-Bit Server VM (25.202-b03) for windows-amd64 JRE (1.8.0_202-release-1483-b03), built by "builder" with MS VC++ 10.0 (VS2010)

time: Wed Dec 25 09:01:20 2019
timezone: Pacific Standard Time
elapsed time: 4 seconds (0d 0h 0m 4s)

